[2023-01-08 09:52:03,388] {taskinstance.py:1179} INFO - Dependencies all met for <TaskInstance: Lead_scoring_training_pipeline.encoding_categorical_variables scheduled__2022-12-01T00:00:00+00:00 [queued]>
[2023-01-08 09:52:03,393] {taskinstance.py:1179} INFO - Dependencies all met for <TaskInstance: Lead_scoring_training_pipeline.encoding_categorical_variables scheduled__2022-12-01T00:00:00+00:00 [queued]>
[2023-01-08 09:52:03,393] {taskinstance.py:1376} INFO - 
--------------------------------------------------------------------------------
[2023-01-08 09:52:03,393] {taskinstance.py:1377} INFO - Starting attempt 1 of 2
[2023-01-08 09:52:03,393] {taskinstance.py:1378} INFO - 
--------------------------------------------------------------------------------
[2023-01-08 09:52:03,403] {taskinstance.py:1397} INFO - Executing <Task(PythonOperator): encoding_categorical_variables> on 2022-12-01 00:00:00+00:00
[2023-01-08 09:52:03,411] {standard_task_runner.py:52} INFO - Started process 10962 to run task
[2023-01-08 09:52:03,417] {standard_task_runner.py:79} INFO - Running: ['airflow', 'tasks', 'run', 'Lead_scoring_training_pipeline', 'encoding_categorical_variables', 'scheduled__2022-12-01T00:00:00+00:00', '--job-id', '75', '--raw', '--subdir', 'DAGS_FOLDER/Lead_scoring_training_pipeline/lead_scoring_training_pipeline.py', '--cfg-path', '/tmp/tmp6afpc564', '--error-file', '/tmp/tmpas3vgkm0']
[2023-01-08 09:52:03,418] {standard_task_runner.py:80} INFO - Job 75: Subtask encoding_categorical_variables
[2023-01-08 09:52:03,462] {task_command.py:371} INFO - Running <TaskInstance: Lead_scoring_training_pipeline.encoding_categorical_variables scheduled__2022-12-01T00:00:00+00:00 [running]> on host 1f037b111ba5
[2023-01-08 09:52:03,511] {taskinstance.py:1589} INFO - Exporting the following env vars:
AIRFLOW_CTX_DAG_OWNER=airflow
AIRFLOW_CTX_DAG_ID=Lead_scoring_training_pipeline
AIRFLOW_CTX_TASK_ID=encoding_categorical_variables
AIRFLOW_CTX_EXECUTION_DATE=2022-12-01T00:00:00+00:00
AIRFLOW_CTX_TRY_NUMBER=1
AIRFLOW_CTX_DAG_RUN_ID=scheduled__2022-12-01T00:00:00+00:00
[2023-01-08 09:52:03,966] {python.py:173} INFO - Done. Returned value was: None
[2023-01-08 09:52:03,972] {taskinstance.py:1415} INFO - Marking task as SUCCESS. dag_id=Lead_scoring_training_pipeline, task_id=encoding_categorical_variables, execution_date=20221201T000000, start_date=20230108T095203, end_date=20230108T095203
[2023-01-08 09:52:04,027] {local_task_job.py:156} INFO - Task exited with return code 0
[2023-01-08 09:52:04,056] {local_task_job.py:273} INFO - 1 downstream tasks scheduled from follow-on schedule check
