[2023-01-08 08:31:47,037] {taskinstance.py:1179} INFO - Dependencies all met for <TaskInstance: Lead_Scoring_Data_Engineering_Pipeline.mapping_interactions manual__2023-01-08T08:31:30.697531+00:00 [queued]>
[2023-01-08 08:31:47,043] {taskinstance.py:1179} INFO - Dependencies all met for <TaskInstance: Lead_Scoring_Data_Engineering_Pipeline.mapping_interactions manual__2023-01-08T08:31:30.697531+00:00 [queued]>
[2023-01-08 08:31:47,043] {taskinstance.py:1376} INFO - 
--------------------------------------------------------------------------------
[2023-01-08 08:31:47,043] {taskinstance.py:1377} INFO - Starting attempt 1 of 2
[2023-01-08 08:31:47,043] {taskinstance.py:1378} INFO - 
--------------------------------------------------------------------------------
[2023-01-08 08:31:47,054] {taskinstance.py:1397} INFO - Executing <Task(PythonOperator): mapping_interactions> on 2023-01-08 08:31:30.697531+00:00
[2023-01-08 08:31:47,057] {standard_task_runner.py:52} INFO - Started process 1584 to run task
[2023-01-08 08:31:47,063] {standard_task_runner.py:79} INFO - Running: ['airflow', 'tasks', 'run', 'Lead_Scoring_Data_Engineering_Pipeline', 'mapping_interactions', 'manual__2023-01-08T08:31:30.697531+00:00', '--job-id', '37', '--raw', '--subdir', 'DAGS_FOLDER/Lead_scoring_data_pipeline/lead_scoring_data_pipeline.py', '--cfg-path', '/tmp/tmpuue422p9', '--error-file', '/tmp/tmpwfn6pvz4']
[2023-01-08 08:31:47,064] {standard_task_runner.py:80} INFO - Job 37: Subtask mapping_interactions
[2023-01-08 08:31:47,111] {task_command.py:371} INFO - Running <TaskInstance: Lead_Scoring_Data_Engineering_Pipeline.mapping_interactions manual__2023-01-08T08:31:30.697531+00:00 [running]> on host 1f037b111ba5
[2023-01-08 08:31:47,168] {taskinstance.py:1589} INFO - Exporting the following env vars:
AIRFLOW_CTX_DAG_OWNER=airflow
AIRFLOW_CTX_DAG_ID=Lead_Scoring_Data_Engineering_Pipeline
AIRFLOW_CTX_TASK_ID=mapping_interactions
AIRFLOW_CTX_EXECUTION_DATE=2023-01-08T08:31:30.697531+00:00
AIRFLOW_CTX_TRY_NUMBER=1
AIRFLOW_CTX_DAG_RUN_ID=manual__2023-01-08T08:31:30.697531+00:00
[2023-01-08 08:31:49,579] {python.py:173} INFO - Done. Returned value was: None
[2023-01-08 08:31:49,586] {taskinstance.py:1415} INFO - Marking task as SUCCESS. dag_id=Lead_Scoring_Data_Engineering_Pipeline, task_id=mapping_interactions, execution_date=20230108T083130, start_date=20230108T083147, end_date=20230108T083149
[2023-01-08 08:31:49,642] {local_task_job.py:156} INFO - Task exited with return code 0
[2023-01-08 08:31:49,673] {local_task_job.py:273} INFO - 1 downstream tasks scheduled from follow-on schedule check
