[2023-01-08 08:31:37,445] {taskinstance.py:1179} INFO - Dependencies all met for <TaskInstance: Lead_Scoring_Data_Engineering_Pipeline.loading_data manual__2023-01-08T08:31:30.697531+00:00 [queued]>
[2023-01-08 08:31:37,450] {taskinstance.py:1179} INFO - Dependencies all met for <TaskInstance: Lead_Scoring_Data_Engineering_Pipeline.loading_data manual__2023-01-08T08:31:30.697531+00:00 [queued]>
[2023-01-08 08:31:37,450] {taskinstance.py:1376} INFO - 
--------------------------------------------------------------------------------
[2023-01-08 08:31:37,450] {taskinstance.py:1377} INFO - Starting attempt 1 of 2
[2023-01-08 08:31:37,450] {taskinstance.py:1378} INFO - 
--------------------------------------------------------------------------------
[2023-01-08 08:31:37,460] {taskinstance.py:1397} INFO - Executing <Task(PythonOperator): loading_data> on 2023-01-08 08:31:30.697531+00:00
[2023-01-08 08:31:37,464] {standard_task_runner.py:52} INFO - Started process 1521 to run task
[2023-01-08 08:31:37,469] {standard_task_runner.py:79} INFO - Running: ['airflow', 'tasks', 'run', 'Lead_Scoring_Data_Engineering_Pipeline', 'loading_data', 'manual__2023-01-08T08:31:30.697531+00:00', '--job-id', '34', '--raw', '--subdir', 'DAGS_FOLDER/Lead_scoring_data_pipeline/lead_scoring_data_pipeline.py', '--cfg-path', '/tmp/tmpwmg2cyey', '--error-file', '/tmp/tmp_wkcd95l']
[2023-01-08 08:31:37,470] {standard_task_runner.py:80} INFO - Job 34: Subtask loading_data
[2023-01-08 08:31:37,517] {task_command.py:371} INFO - Running <TaskInstance: Lead_Scoring_Data_Engineering_Pipeline.loading_data manual__2023-01-08T08:31:30.697531+00:00 [running]> on host 1f037b111ba5
[2023-01-08 08:31:37,565] {taskinstance.py:1589} INFO - Exporting the following env vars:
AIRFLOW_CTX_DAG_OWNER=airflow
AIRFLOW_CTX_DAG_ID=Lead_Scoring_Data_Engineering_Pipeline
AIRFLOW_CTX_TASK_ID=loading_data
AIRFLOW_CTX_EXECUTION_DATE=2023-01-08T08:31:30.697531+00:00
AIRFLOW_CTX_TRY_NUMBER=1
AIRFLOW_CTX_DAG_RUN_ID=manual__2023-01-08T08:31:30.697531+00:00
[2023-01-08 08:31:38,205] {python.py:173} INFO - Done. Returned value was: None
[2023-01-08 08:31:38,215] {taskinstance.py:1415} INFO - Marking task as SUCCESS. dag_id=Lead_Scoring_Data_Engineering_Pipeline, task_id=loading_data, execution_date=20230108T083130, start_date=20230108T083137, end_date=20230108T083138
[2023-01-08 08:31:38,241] {local_task_job.py:156} INFO - Task exited with return code 0
[2023-01-08 08:31:38,276] {local_task_job.py:273} INFO - 1 downstream tasks scheduled from follow-on schedule check
