[2023-01-08 11:33:54,940] {taskinstance.py:1179} INFO - Dependencies all met for <TaskInstance: Lead_scoring_inference_pipeline.generating_models_prediction manual__2023-01-08T11:33:36.486956+00:00 [queued]>
[2023-01-08 11:33:54,946] {taskinstance.py:1179} INFO - Dependencies all met for <TaskInstance: Lead_scoring_inference_pipeline.generating_models_prediction manual__2023-01-08T11:33:36.486956+00:00 [queued]>
[2023-01-08 11:33:54,946] {taskinstance.py:1376} INFO - 
--------------------------------------------------------------------------------
[2023-01-08 11:33:54,946] {taskinstance.py:1377} INFO - Starting attempt 1 of 2
[2023-01-08 11:33:54,946] {taskinstance.py:1378} INFO - 
--------------------------------------------------------------------------------
[2023-01-08 11:33:54,957] {taskinstance.py:1397} INFO - Executing <Task(PythonOperator): generating_models_prediction> on 2023-01-08 11:33:36.486956+00:00
[2023-01-08 11:33:54,962] {standard_task_runner.py:52} INFO - Started process 23704 to run task
[2023-01-08 11:33:54,969] {standard_task_runner.py:79} INFO - Running: ['airflow', 'tasks', 'run', 'Lead_scoring_inference_pipeline', 'generating_models_prediction', 'manual__2023-01-08T11:33:36.486956+00:00', '--job-id', '127', '--raw', '--subdir', 'DAGS_FOLDER/Lead_scoring_inference_pipeline/.ipynb_checkpoints/lead_scoring_inference_pipeline-checkpoint.py', '--cfg-path', '/tmp/tmp9bygy7ic', '--error-file', '/tmp/tmp6r174bm_']
[2023-01-08 11:33:54,971] {standard_task_runner.py:80} INFO - Job 127: Subtask generating_models_prediction
[2023-01-08 11:33:55,020] {task_command.py:371} INFO - Running <TaskInstance: Lead_scoring_inference_pipeline.generating_models_prediction manual__2023-01-08T11:33:36.486956+00:00 [running]> on host 1f037b111ba5
[2023-01-08 11:33:55,183] {taskinstance.py:1589} INFO - Exporting the following env vars:
AIRFLOW_CTX_DAG_OWNER=airflow
AIRFLOW_CTX_DAG_ID=Lead_scoring_inference_pipeline
AIRFLOW_CTX_TASK_ID=generating_models_prediction
AIRFLOW_CTX_EXECUTION_DATE=2023-01-08T11:33:36.486956+00:00
AIRFLOW_CTX_TRY_NUMBER=1
AIRFLOW_CTX_DAG_RUN_ID=manual__2023-01-08T11:33:36.486956+00:00
[2023-01-08 11:34:02,800] {python.py:173} INFO - Done. Returned value was: None
[2023-01-08 11:34:02,807] {taskinstance.py:1415} INFO - Marking task as SUCCESS. dag_id=Lead_scoring_inference_pipeline, task_id=generating_models_prediction, execution_date=20230108T113336, start_date=20230108T113354, end_date=20230108T113402
[2023-01-08 11:34:02,855] {local_task_job.py:156} INFO - Task exited with return code 0
[2023-01-08 11:34:02,879] {local_task_job.py:273} INFO - 1 downstream tasks scheduled from follow-on schedule check
