[2023-01-08 11:29:53,797] {taskinstance.py:1179} INFO - Dependencies all met for <TaskInstance: Lead_Scoring_Data_Engineering_Pipeline.mapping_interactions manual__2023-01-08T11:29:16.452648+00:00 [queued]>
[2023-01-08 11:29:53,802] {taskinstance.py:1179} INFO - Dependencies all met for <TaskInstance: Lead_Scoring_Data_Engineering_Pipeline.mapping_interactions manual__2023-01-08T11:29:16.452648+00:00 [queued]>
[2023-01-08 11:29:53,802] {taskinstance.py:1376} INFO - 
--------------------------------------------------------------------------------
[2023-01-08 11:29:53,802] {taskinstance.py:1377} INFO - Starting attempt 1 of 2
[2023-01-08 11:29:53,802] {taskinstance.py:1378} INFO - 
--------------------------------------------------------------------------------
[2023-01-08 11:29:53,812] {taskinstance.py:1397} INFO - Executing <Task(PythonOperator): mapping_interactions> on 2023-01-08 11:29:16.452648+00:00
[2023-01-08 11:29:53,817] {standard_task_runner.py:52} INFO - Started process 22997 to run task
[2023-01-08 11:29:53,824] {standard_task_runner.py:79} INFO - Running: ['airflow', 'tasks', 'run', 'Lead_Scoring_Data_Engineering_Pipeline', 'mapping_interactions', 'manual__2023-01-08T11:29:16.452648+00:00', '--job-id', '121', '--raw', '--subdir', 'DAGS_FOLDER/Lead_scoring_data_pipeline/.ipynb_checkpoints/lead_scoring_data_pipeline-checkpoint.py', '--cfg-path', '/tmp/tmpsy8m3c6j', '--error-file', '/tmp/tmpaywgcbui']
[2023-01-08 11:29:53,825] {standard_task_runner.py:80} INFO - Job 121: Subtask mapping_interactions
[2023-01-08 11:29:53,870] {task_command.py:371} INFO - Running <TaskInstance: Lead_Scoring_Data_Engineering_Pipeline.mapping_interactions manual__2023-01-08T11:29:16.452648+00:00 [running]> on host 1f037b111ba5
[2023-01-08 11:29:53,920] {taskinstance.py:1589} INFO - Exporting the following env vars:
AIRFLOW_CTX_DAG_OWNER=airflow
AIRFLOW_CTX_DAG_ID=Lead_Scoring_Data_Engineering_Pipeline
AIRFLOW_CTX_TASK_ID=mapping_interactions
AIRFLOW_CTX_EXECUTION_DATE=2023-01-08T11:29:16.452648+00:00
AIRFLOW_CTX_TRY_NUMBER=1
AIRFLOW_CTX_DAG_RUN_ID=manual__2023-01-08T11:29:16.452648+00:00
[2023-01-08 11:30:27,204] {python.py:173} INFO - Done. Returned value was: None
[2023-01-08 11:30:27,210] {taskinstance.py:1415} INFO - Marking task as SUCCESS. dag_id=Lead_Scoring_Data_Engineering_Pipeline, task_id=mapping_interactions, execution_date=20230108T112916, start_date=20230108T112953, end_date=20230108T113027
[2023-01-08 11:30:27,237] {local_task_job.py:156} INFO - Task exited with return code 0
[2023-01-08 11:30:27,260] {local_task_job.py:273} INFO - 1 downstream tasks scheduled from follow-on schedule check
