[2023-01-08 08:30:38,097] {taskinstance.py:1179} INFO - Dependencies all met for <TaskInstance: Lead_Scoring_Data_Engineering_Pipeline.mapping_city_tier scheduled__2023-01-07T00:00:00+00:00 [queued]>
[2023-01-08 08:30:38,102] {taskinstance.py:1179} INFO - Dependencies all met for <TaskInstance: Lead_Scoring_Data_Engineering_Pipeline.mapping_city_tier scheduled__2023-01-07T00:00:00+00:00 [queued]>
[2023-01-08 08:30:38,103] {taskinstance.py:1376} INFO - 
--------------------------------------------------------------------------------
[2023-01-08 08:30:38,103] {taskinstance.py:1377} INFO - Starting attempt 1 of 2
[2023-01-08 08:30:38,103] {taskinstance.py:1378} INFO - 
--------------------------------------------------------------------------------
[2023-01-08 08:30:38,114] {taskinstance.py:1397} INFO - Executing <Task(PythonOperator): mapping_city_tier> on 2023-01-07 00:00:00+00:00
[2023-01-08 08:30:38,118] {standard_task_runner.py:52} INFO - Started process 1331 to run task
[2023-01-08 08:30:38,124] {standard_task_runner.py:79} INFO - Running: ['airflow', 'tasks', 'run', 'Lead_Scoring_Data_Engineering_Pipeline', 'mapping_city_tier', 'scheduled__2023-01-07T00:00:00+00:00', '--job-id', '26', '--raw', '--subdir', 'DAGS_FOLDER/Lead_scoring_data_pipeline/lead_scoring_data_pipeline.py', '--cfg-path', '/tmp/tmp2spsl9hd', '--error-file', '/tmp/tmpp6hap3an']
[2023-01-08 08:30:38,126] {standard_task_runner.py:80} INFO - Job 26: Subtask mapping_city_tier
[2023-01-08 08:30:38,174] {task_command.py:371} INFO - Running <TaskInstance: Lead_Scoring_Data_Engineering_Pipeline.mapping_city_tier scheduled__2023-01-07T00:00:00+00:00 [running]> on host 1f037b111ba5
[2023-01-08 08:30:38,228] {taskinstance.py:1589} INFO - Exporting the following env vars:
AIRFLOW_CTX_DAG_OWNER=airflow
AIRFLOW_CTX_DAG_ID=Lead_Scoring_Data_Engineering_Pipeline
AIRFLOW_CTX_TASK_ID=mapping_city_tier
AIRFLOW_CTX_EXECUTION_DATE=2023-01-07T00:00:00+00:00
AIRFLOW_CTX_TRY_NUMBER=1
AIRFLOW_CTX_DAG_RUN_ID=scheduled__2023-01-07T00:00:00+00:00
[2023-01-08 08:30:39,098] {python.py:173} INFO - Done. Returned value was: None
[2023-01-08 08:30:39,105] {taskinstance.py:1415} INFO - Marking task as SUCCESS. dag_id=Lead_Scoring_Data_Engineering_Pipeline, task_id=mapping_city_tier, execution_date=20230107T000000, start_date=20230108T083038, end_date=20230108T083039
[2023-01-08 08:30:39,135] {local_task_job.py:156} INFO - Task exited with return code 0
[2023-01-08 08:30:39,171] {local_task_job.py:273} INFO - 1 downstream tasks scheduled from follow-on schedule check
