[2023-01-08 10:00:31,234] {taskinstance.py:1179} INFO - Dependencies all met for <TaskInstance: Lead_scoring_inference_pipeline.encoding_categorical_variables scheduled__2023-01-08T09:00:00+00:00 [queued]>
[2023-01-08 10:00:31,239] {taskinstance.py:1179} INFO - Dependencies all met for <TaskInstance: Lead_scoring_inference_pipeline.encoding_categorical_variables scheduled__2023-01-08T09:00:00+00:00 [queued]>
[2023-01-08 10:00:31,239] {taskinstance.py:1376} INFO - 
--------------------------------------------------------------------------------
[2023-01-08 10:00:31,239] {taskinstance.py:1377} INFO - Starting attempt 1 of 2
[2023-01-08 10:00:31,239] {taskinstance.py:1378} INFO - 
--------------------------------------------------------------------------------
[2023-01-08 10:00:31,250] {taskinstance.py:1397} INFO - Executing <Task(PythonOperator): encoding_categorical_variables> on 2023-01-08 09:00:00+00:00
[2023-01-08 10:00:31,255] {standard_task_runner.py:52} INFO - Started process 11103 to run task
[2023-01-08 10:00:31,261] {standard_task_runner.py:79} INFO - Running: ['airflow', 'tasks', 'run', 'Lead_scoring_inference_pipeline', 'encoding_categorical_variables', 'scheduled__2023-01-08T09:00:00+00:00', '--job-id', '81', '--raw', '--subdir', 'DAGS_FOLDER/Lead_scoring_inference_pipeline/.ipynb_checkpoints/lead_scoring_inference_pipeline-checkpoint.py', '--cfg-path', '/tmp/tmpulm2oh1o', '--error-file', '/tmp/tmpmvv2c4u9']
[2023-01-08 10:00:31,263] {standard_task_runner.py:80} INFO - Job 81: Subtask encoding_categorical_variables
[2023-01-08 10:00:31,299] {task_command.py:371} INFO - Running <TaskInstance: Lead_scoring_inference_pipeline.encoding_categorical_variables scheduled__2023-01-08T09:00:00+00:00 [running]> on host 1f037b111ba5
[2023-01-08 10:00:31,448] {taskinstance.py:1589} INFO - Exporting the following env vars:
AIRFLOW_CTX_DAG_OWNER=airflow
AIRFLOW_CTX_DAG_ID=Lead_scoring_inference_pipeline
AIRFLOW_CTX_TASK_ID=encoding_categorical_variables
AIRFLOW_CTX_EXECUTION_DATE=2023-01-08T09:00:00+00:00
AIRFLOW_CTX_TRY_NUMBER=1
AIRFLOW_CTX_DAG_RUN_ID=scheduled__2023-01-08T09:00:00+00:00
[2023-01-08 10:00:31,947] {python.py:173} INFO - Done. Returned value was: None
[2023-01-08 10:00:31,955] {taskinstance.py:1415} INFO - Marking task as SUCCESS. dag_id=Lead_scoring_inference_pipeline, task_id=encoding_categorical_variables, execution_date=20230108T090000, start_date=20230108T100031, end_date=20230108T100031
[2023-01-08 10:00:31,992] {local_task_job.py:156} INFO - Task exited with return code 0
[2023-01-08 10:00:32,025] {local_task_job.py:273} INFO - 1 downstream tasks scheduled from follow-on schedule check
