[2023-01-08 11:29:18,610] {taskinstance.py:1179} INFO - Dependencies all met for <TaskInstance: Lead_Scoring_Data_Engineering_Pipeline.building_db manual__2023-01-08T11:29:16.452648+00:00 [queued]>
[2023-01-08 11:29:18,615] {taskinstance.py:1179} INFO - Dependencies all met for <TaskInstance: Lead_Scoring_Data_Engineering_Pipeline.building_db manual__2023-01-08T11:29:16.452648+00:00 [queued]>
[2023-01-08 11:29:18,616] {taskinstance.py:1376} INFO - 
--------------------------------------------------------------------------------
[2023-01-08 11:29:18,616] {taskinstance.py:1377} INFO - Starting attempt 1 of 2
[2023-01-08 11:29:18,616] {taskinstance.py:1378} INFO - 
--------------------------------------------------------------------------------
[2023-01-08 11:29:18,627] {taskinstance.py:1397} INFO - Executing <Task(PythonOperator): building_db> on 2023-01-08 11:29:16.452648+00:00
[2023-01-08 11:29:18,631] {standard_task_runner.py:52} INFO - Started process 22907 to run task
[2023-01-08 11:29:18,637] {standard_task_runner.py:79} INFO - Running: ['airflow', 'tasks', 'run', 'Lead_Scoring_Data_Engineering_Pipeline', 'building_db', 'manual__2023-01-08T11:29:16.452648+00:00', '--job-id', '116', '--raw', '--subdir', 'DAGS_FOLDER/Lead_scoring_data_pipeline/.ipynb_checkpoints/lead_scoring_data_pipeline-checkpoint.py', '--cfg-path', '/tmp/tmpbrt_lv6l', '--error-file', '/tmp/tmp31ol1gsy']
[2023-01-08 11:29:18,639] {standard_task_runner.py:80} INFO - Job 116: Subtask building_db
[2023-01-08 11:29:18,684] {task_command.py:371} INFO - Running <TaskInstance: Lead_Scoring_Data_Engineering_Pipeline.building_db manual__2023-01-08T11:29:16.452648+00:00 [running]> on host 1f037b111ba5
[2023-01-08 11:29:18,734] {taskinstance.py:1589} INFO - Exporting the following env vars:
AIRFLOW_CTX_DAG_OWNER=airflow
AIRFLOW_CTX_DAG_ID=Lead_Scoring_Data_Engineering_Pipeline
AIRFLOW_CTX_TASK_ID=building_db
AIRFLOW_CTX_EXECUTION_DATE=2023-01-08T11:29:16.452648+00:00
AIRFLOW_CTX_TRY_NUMBER=1
AIRFLOW_CTX_DAG_RUN_ID=manual__2023-01-08T11:29:16.452648+00:00
[2023-01-08 11:29:18,735] {logging_mixin.py:115} INFO - DBPath/home/airflow/dags/Lead_scoring_data_pipeline/lead_scoring_data_cleaning.db
[2023-01-08 11:29:18,735] {logging_mixin.py:115} INFO - DB Already Exsist
[2023-01-08 11:29:18,736] {python.py:173} INFO - Done. Returned value was: DB Exsists
[2023-01-08 11:29:18,749] {taskinstance.py:1415} INFO - Marking task as SUCCESS. dag_id=Lead_Scoring_Data_Engineering_Pipeline, task_id=building_db, execution_date=20230108T112916, start_date=20230108T112918, end_date=20230108T112918
[2023-01-08 11:29:18,765] {local_task_job.py:156} INFO - Task exited with return code 0
[2023-01-08 11:29:18,796] {local_task_job.py:273} INFO - 1 downstream tasks scheduled from follow-on schedule check
