[2023-01-07 17:42:48,869] {taskinstance.py:1179} INFO - Dependencies all met for <TaskInstance: Lead_Scoring_Data_Engineering_Pipeline.checking_raw_data_schema manual__2023-01-07T17:42:39.919531+00:00 [queued]>
[2023-01-07 17:42:48,874] {taskinstance.py:1179} INFO - Dependencies all met for <TaskInstance: Lead_Scoring_Data_Engineering_Pipeline.checking_raw_data_schema manual__2023-01-07T17:42:39.919531+00:00 [queued]>
[2023-01-07 17:42:48,874] {taskinstance.py:1376} INFO - 
--------------------------------------------------------------------------------
[2023-01-07 17:42:48,874] {taskinstance.py:1377} INFO - Starting attempt 1 of 2
[2023-01-07 17:42:48,874] {taskinstance.py:1378} INFO - 
--------------------------------------------------------------------------------
[2023-01-07 17:42:48,890] {taskinstance.py:1397} INFO - Executing <Task(PythonOperator): checking_raw_data_schema> on 2023-01-07 17:42:39.919531+00:00
[2023-01-07 17:42:48,894] {standard_task_runner.py:52} INFO - Started process 1544 to run task
[2023-01-07 17:42:48,898] {standard_task_runner.py:79} INFO - Running: ['airflow', 'tasks', 'run', 'Lead_Scoring_Data_Engineering_Pipeline', 'checking_raw_data_schema', 'manual__2023-01-07T17:42:39.919531+00:00', '--job-id', '5', '--raw', '--subdir', 'DAGS_FOLDER/Lead_scoring_data_pipeline/lead_scoring_data_pipeline.py', '--cfg-path', '/tmp/tmp3sybtni2', '--error-file', '/tmp/tmp0pussjgy']
[2023-01-07 17:42:48,899] {standard_task_runner.py:80} INFO - Job 5: Subtask checking_raw_data_schema
[2023-01-07 17:42:48,935] {task_command.py:371} INFO - Running <TaskInstance: Lead_Scoring_Data_Engineering_Pipeline.checking_raw_data_schema manual__2023-01-07T17:42:39.919531+00:00 [running]> on host 53a4c6599d84
[2023-01-07 17:42:48,974] {taskinstance.py:1589} INFO - Exporting the following env vars:
AIRFLOW_CTX_DAG_OWNER=airflow
AIRFLOW_CTX_DAG_ID=Lead_Scoring_Data_Engineering_Pipeline
AIRFLOW_CTX_TASK_ID=checking_raw_data_schema
AIRFLOW_CTX_EXECUTION_DATE=2023-01-07T17:42:39.919531+00:00
AIRFLOW_CTX_TRY_NUMBER=1
AIRFLOW_CTX_DAG_RUN_ID=manual__2023-01-07T17:42:39.919531+00:00
[2023-01-07 17:42:49,573] {logging_mixin.py:115} INFO - Raw datas schema is in line with the schema present in schema.py
[2023-01-07 17:42:49,582] {python.py:173} INFO - Done. Returned value was: None
[2023-01-07 17:42:49,588] {taskinstance.py:1415} INFO - Marking task as SUCCESS. dag_id=Lead_Scoring_Data_Engineering_Pipeline, task_id=checking_raw_data_schema, execution_date=20230107T174239, start_date=20230107T174248, end_date=20230107T174249
[2023-01-07 17:42:49,631] {local_task_job.py:156} INFO - Task exited with return code 0
[2023-01-07 17:42:49,665] {local_task_job.py:273} INFO - 1 downstream tasks scheduled from follow-on schedule check
