[2023-01-08 08:30:32,554] {taskinstance.py:1179} INFO - Dependencies all met for <TaskInstance: Lead_Scoring_Data_Engineering_Pipeline.checking_raw_data_schema scheduled__2023-01-07T00:00:00+00:00 [queued]>
[2023-01-08 08:30:32,559] {taskinstance.py:1179} INFO - Dependencies all met for <TaskInstance: Lead_Scoring_Data_Engineering_Pipeline.checking_raw_data_schema scheduled__2023-01-07T00:00:00+00:00 [queued]>
[2023-01-08 08:30:32,559] {taskinstance.py:1376} INFO - 
--------------------------------------------------------------------------------
[2023-01-08 08:30:32,559] {taskinstance.py:1377} INFO - Starting attempt 1 of 2
[2023-01-08 08:30:32,559] {taskinstance.py:1378} INFO - 
--------------------------------------------------------------------------------
[2023-01-08 08:30:32,570] {taskinstance.py:1397} INFO - Executing <Task(PythonOperator): checking_raw_data_schema> on 2023-01-07 00:00:00+00:00
[2023-01-08 08:30:32,574] {standard_task_runner.py:52} INFO - Started process 1295 to run task
[2023-01-08 08:30:32,581] {standard_task_runner.py:79} INFO - Running: ['airflow', 'tasks', 'run', 'Lead_Scoring_Data_Engineering_Pipeline', 'checking_raw_data_schema', 'scheduled__2023-01-07T00:00:00+00:00', '--job-id', '24', '--raw', '--subdir', 'DAGS_FOLDER/Lead_scoring_data_pipeline/lead_scoring_data_pipeline.py', '--cfg-path', '/tmp/tmp_csqdcbp', '--error-file', '/tmp/tmpwmgz1ye8']
[2023-01-08 08:30:32,583] {standard_task_runner.py:80} INFO - Job 24: Subtask checking_raw_data_schema
[2023-01-08 08:30:32,631] {task_command.py:371} INFO - Running <TaskInstance: Lead_Scoring_Data_Engineering_Pipeline.checking_raw_data_schema scheduled__2023-01-07T00:00:00+00:00 [running]> on host 1f037b111ba5
[2023-01-08 08:30:32,683] {taskinstance.py:1589} INFO - Exporting the following env vars:
AIRFLOW_CTX_DAG_OWNER=airflow
AIRFLOW_CTX_DAG_ID=Lead_Scoring_Data_Engineering_Pipeline
AIRFLOW_CTX_TASK_ID=checking_raw_data_schema
AIRFLOW_CTX_EXECUTION_DATE=2023-01-07T00:00:00+00:00
AIRFLOW_CTX_TRY_NUMBER=1
AIRFLOW_CTX_DAG_RUN_ID=scheduled__2023-01-07T00:00:00+00:00
[2023-01-08 08:30:33,300] {logging_mixin.py:115} INFO - Raw datas schema is in line with the schema present in schema.py
[2023-01-08 08:30:33,309] {python.py:173} INFO - Done. Returned value was: None
[2023-01-08 08:30:33,315] {taskinstance.py:1415} INFO - Marking task as SUCCESS. dag_id=Lead_Scoring_Data_Engineering_Pipeline, task_id=checking_raw_data_schema, execution_date=20230107T000000, start_date=20230108T083032, end_date=20230108T083033
[2023-01-08 08:30:33,350] {local_task_job.py:156} INFO - Task exited with return code 0
[2023-01-08 08:30:33,387] {local_task_job.py:273} INFO - 1 downstream tasks scheduled from follow-on schedule check
