[2023-01-08 11:35:21,569] {taskinstance.py:1179} INFO - Dependencies all met for <TaskInstance: Lead_scoring_inference_pipeline.generating_models_prediction manual__2023-01-08T11:35:01.970025+00:00 [queued]>
[2023-01-08 11:35:21,575] {taskinstance.py:1179} INFO - Dependencies all met for <TaskInstance: Lead_scoring_inference_pipeline.generating_models_prediction manual__2023-01-08T11:35:01.970025+00:00 [queued]>
[2023-01-08 11:35:21,575] {taskinstance.py:1376} INFO - 
--------------------------------------------------------------------------------
[2023-01-08 11:35:21,575] {taskinstance.py:1377} INFO - Starting attempt 1 of 2
[2023-01-08 11:35:21,575] {taskinstance.py:1378} INFO - 
--------------------------------------------------------------------------------
[2023-01-08 11:35:21,587] {taskinstance.py:1397} INFO - Executing <Task(PythonOperator): generating_models_prediction> on 2023-01-08 11:35:01.970025+00:00
[2023-01-08 11:35:21,592] {standard_task_runner.py:52} INFO - Started process 23904 to run task
[2023-01-08 11:35:21,598] {standard_task_runner.py:79} INFO - Running: ['airflow', 'tasks', 'run', 'Lead_scoring_inference_pipeline', 'generating_models_prediction', 'manual__2023-01-08T11:35:01.970025+00:00', '--job-id', '131', '--raw', '--subdir', 'DAGS_FOLDER/Lead_scoring_inference_pipeline/.ipynb_checkpoints/lead_scoring_inference_pipeline-checkpoint.py', '--cfg-path', '/tmp/tmpis30l7u9', '--error-file', '/tmp/tmpz75f1w94']
[2023-01-08 11:35:21,600] {standard_task_runner.py:80} INFO - Job 131: Subtask generating_models_prediction
[2023-01-08 11:35:21,647] {task_command.py:371} INFO - Running <TaskInstance: Lead_scoring_inference_pipeline.generating_models_prediction manual__2023-01-08T11:35:01.970025+00:00 [running]> on host 1f037b111ba5
[2023-01-08 11:35:21,808] {taskinstance.py:1589} INFO - Exporting the following env vars:
AIRFLOW_CTX_DAG_OWNER=airflow
AIRFLOW_CTX_DAG_ID=Lead_scoring_inference_pipeline
AIRFLOW_CTX_TASK_ID=generating_models_prediction
AIRFLOW_CTX_EXECUTION_DATE=2023-01-08T11:35:01.970025+00:00
AIRFLOW_CTX_TRY_NUMBER=1
AIRFLOW_CTX_DAG_RUN_ID=manual__2023-01-08T11:35:01.970025+00:00
[2023-01-08 11:35:29,679] {python.py:173} INFO - Done. Returned value was: None
[2023-01-08 11:35:29,688] {taskinstance.py:1415} INFO - Marking task as SUCCESS. dag_id=Lead_scoring_inference_pipeline, task_id=generating_models_prediction, execution_date=20230108T113501, start_date=20230108T113521, end_date=20230108T113529
[2023-01-08 11:35:29,739] {local_task_job.py:156} INFO - Task exited with return code 0
[2023-01-08 11:35:29,765] {local_task_job.py:273} INFO - 1 downstream tasks scheduled from follow-on schedule check
