[2023-01-08 08:30:30,376] {taskinstance.py:1179} INFO - Dependencies all met for <TaskInstance: Lead_Scoring_Data_Engineering_Pipeline.building_db scheduled__2023-01-07T00:00:00+00:00 [queued]>
[2023-01-08 08:30:30,381] {taskinstance.py:1179} INFO - Dependencies all met for <TaskInstance: Lead_Scoring_Data_Engineering_Pipeline.building_db scheduled__2023-01-07T00:00:00+00:00 [queued]>
[2023-01-08 08:30:30,381] {taskinstance.py:1376} INFO - 
--------------------------------------------------------------------------------
[2023-01-08 08:30:30,381] {taskinstance.py:1377} INFO - Starting attempt 1 of 2
[2023-01-08 08:30:30,381] {taskinstance.py:1378} INFO - 
--------------------------------------------------------------------------------
[2023-01-08 08:30:30,392] {taskinstance.py:1397} INFO - Executing <Task(PythonOperator): building_db> on 2023-01-07 00:00:00+00:00
[2023-01-08 08:30:30,396] {standard_task_runner.py:52} INFO - Started process 1277 to run task
[2023-01-08 08:30:30,404] {standard_task_runner.py:79} INFO - Running: ['airflow', 'tasks', 'run', 'Lead_Scoring_Data_Engineering_Pipeline', 'building_db', 'scheduled__2023-01-07T00:00:00+00:00', '--job-id', '23', '--raw', '--subdir', 'DAGS_FOLDER/Lead_scoring_data_pipeline/lead_scoring_data_pipeline.py', '--cfg-path', '/tmp/tmpef98_etl', '--error-file', '/tmp/tmph0rzgoao']
[2023-01-08 08:30:30,405] {standard_task_runner.py:80} INFO - Job 23: Subtask building_db
[2023-01-08 08:30:30,453] {task_command.py:371} INFO - Running <TaskInstance: Lead_Scoring_Data_Engineering_Pipeline.building_db scheduled__2023-01-07T00:00:00+00:00 [running]> on host 1f037b111ba5
[2023-01-08 08:30:30,506] {taskinstance.py:1589} INFO - Exporting the following env vars:
AIRFLOW_CTX_DAG_OWNER=airflow
AIRFLOW_CTX_DAG_ID=Lead_Scoring_Data_Engineering_Pipeline
AIRFLOW_CTX_TASK_ID=building_db
AIRFLOW_CTX_EXECUTION_DATE=2023-01-07T00:00:00+00:00
AIRFLOW_CTX_TRY_NUMBER=1
AIRFLOW_CTX_DAG_RUN_ID=scheduled__2023-01-07T00:00:00+00:00
[2023-01-08 08:30:30,507] {logging_mixin.py:115} INFO - DBPath/home/airflow/dags/Lead_scoring_data_pipeline/utils_output.db
[2023-01-08 08:30:30,507] {logging_mixin.py:115} INFO - Creating Database111
[2023-01-08 08:30:30,508] {logging_mixin.py:115} INFO - New DB Created
[2023-01-08 08:30:30,508] {python.py:173} INFO - Done. Returned value was: DB Created
[2023-01-08 08:30:30,524] {taskinstance.py:1415} INFO - Marking task as SUCCESS. dag_id=Lead_Scoring_Data_Engineering_Pipeline, task_id=building_db, execution_date=20230107T000000, start_date=20230108T083030, end_date=20230108T083030
[2023-01-08 08:30:30,571] {local_task_job.py:156} INFO - Task exited with return code 0
[2023-01-08 08:30:30,607] {local_task_job.py:273} INFO - 1 downstream tasks scheduled from follow-on schedule check
