[2023-01-08 11:22:52,166] {taskinstance.py:1179} INFO - Dependencies all met for <TaskInstance: Lead_scoring_inference_pipeline.checking_model_prediction_ratio manual__2023-01-08T11:22:33.228404+00:00 [queued]>
[2023-01-08 11:22:52,171] {taskinstance.py:1179} INFO - Dependencies all met for <TaskInstance: Lead_scoring_inference_pipeline.checking_model_prediction_ratio manual__2023-01-08T11:22:33.228404+00:00 [queued]>
[2023-01-08 11:22:52,171] {taskinstance.py:1376} INFO - 
--------------------------------------------------------------------------------
[2023-01-08 11:22:52,171] {taskinstance.py:1377} INFO - Starting attempt 1 of 2
[2023-01-08 11:22:52,171] {taskinstance.py:1378} INFO - 
--------------------------------------------------------------------------------
[2023-01-08 11:22:52,182] {taskinstance.py:1397} INFO - Executing <Task(PythonOperator): checking_model_prediction_ratio> on 2023-01-08 11:22:33.228404+00:00
[2023-01-08 11:22:52,187] {standard_task_runner.py:52} INFO - Started process 21990 to run task
[2023-01-08 11:22:52,194] {standard_task_runner.py:79} INFO - Running: ['airflow', 'tasks', 'run', 'Lead_scoring_inference_pipeline', 'checking_model_prediction_ratio', 'manual__2023-01-08T11:22:33.228404+00:00', '--job-id', '115', '--raw', '--subdir', 'DAGS_FOLDER/Lead_scoring_inference_pipeline/.ipynb_checkpoints/lead_scoring_inference_pipeline-checkpoint.py', '--cfg-path', '/tmp/tmpf_qjfq6w', '--error-file', '/tmp/tmp48cfh4jy']
[2023-01-08 11:22:52,196] {standard_task_runner.py:80} INFO - Job 115: Subtask checking_model_prediction_ratio
[2023-01-08 11:22:52,240] {task_command.py:371} INFO - Running <TaskInstance: Lead_scoring_inference_pipeline.checking_model_prediction_ratio manual__2023-01-08T11:22:33.228404+00:00 [running]> on host 1f037b111ba5
[2023-01-08 11:22:52,405] {taskinstance.py:1589} INFO - Exporting the following env vars:
AIRFLOW_CTX_DAG_OWNER=airflow
AIRFLOW_CTX_DAG_ID=Lead_scoring_inference_pipeline
AIRFLOW_CTX_TASK_ID=checking_model_prediction_ratio
AIRFLOW_CTX_EXECUTION_DATE=2023-01-08T11:22:33.228404+00:00
AIRFLOW_CTX_TRY_NUMBER=1
AIRFLOW_CTX_DAG_RUN_ID=manual__2023-01-08T11:22:33.228404+00:00
[2023-01-08 11:22:52,782] {python.py:173} INFO - Done. Returned value was: None
[2023-01-08 11:22:52,787] {taskinstance.py:1415} INFO - Marking task as SUCCESS. dag_id=Lead_scoring_inference_pipeline, task_id=checking_model_prediction_ratio, execution_date=20230108T112233, start_date=20230108T112252, end_date=20230108T112252
[2023-01-08 11:22:52,843] {local_task_job.py:156} INFO - Task exited with return code 0
[2023-01-08 11:22:52,865] {local_task_job.py:273} INFO - 0 downstream tasks scheduled from follow-on schedule check
