[2023-01-08 11:12:12,741] {taskinstance.py:1179} INFO - Dependencies all met for <TaskInstance: Lead_scoring_inference_pipeline.checking_input_features manual__2023-01-08T11:12:06.154125+00:00 [queued]>
[2023-01-08 11:12:12,745] {taskinstance.py:1179} INFO - Dependencies all met for <TaskInstance: Lead_scoring_inference_pipeline.checking_input_features manual__2023-01-08T11:12:06.154125+00:00 [queued]>
[2023-01-08 11:12:12,745] {taskinstance.py:1376} INFO - 
--------------------------------------------------------------------------------
[2023-01-08 11:12:12,745] {taskinstance.py:1377} INFO - Starting attempt 1 of 2
[2023-01-08 11:12:12,745] {taskinstance.py:1378} INFO - 
--------------------------------------------------------------------------------
[2023-01-08 11:12:12,756] {taskinstance.py:1397} INFO - Executing <Task(PythonOperator): checking_input_features> on 2023-01-08 11:12:06.154125+00:00
[2023-01-08 11:12:12,760] {standard_task_runner.py:52} INFO - Started process 20471 to run task
[2023-01-08 11:12:12,765] {standard_task_runner.py:79} INFO - Running: ['airflow', 'tasks', 'run', 'Lead_scoring_inference_pipeline', 'checking_input_features', 'manual__2023-01-08T11:12:06.154125+00:00', '--job-id', '109', '--raw', '--subdir', 'DAGS_FOLDER/Lead_scoring_inference_pipeline/.ipynb_checkpoints/lead_scoring_inference_pipeline-checkpoint.py', '--cfg-path', '/tmp/tmpq60zty2x', '--error-file', '/tmp/tmps4_1o86i']
[2023-01-08 11:12:12,766] {standard_task_runner.py:80} INFO - Job 109: Subtask checking_input_features
[2023-01-08 11:12:12,809] {task_command.py:371} INFO - Running <TaskInstance: Lead_scoring_inference_pipeline.checking_input_features manual__2023-01-08T11:12:06.154125+00:00 [running]> on host 1f037b111ba5
[2023-01-08 11:12:12,951] {taskinstance.py:1589} INFO - Exporting the following env vars:
AIRFLOW_CTX_DAG_OWNER=airflow
AIRFLOW_CTX_DAG_ID=Lead_scoring_inference_pipeline
AIRFLOW_CTX_TASK_ID=checking_input_features
AIRFLOW_CTX_EXECUTION_DATE=2023-01-08T11:12:06.154125+00:00
AIRFLOW_CTX_TRY_NUMBER=1
AIRFLOW_CTX_DAG_RUN_ID=manual__2023-01-08T11:12:06.154125+00:00
[2023-01-08 11:12:13,307] {logging_mixin.py:115} INFO - All the models input are present
[2023-01-08 11:12:13,307] {python.py:173} INFO - Done. Returned value was: None
[2023-01-08 11:12:13,313] {taskinstance.py:1415} INFO - Marking task as SUCCESS. dag_id=Lead_scoring_inference_pipeline, task_id=checking_input_features, execution_date=20230108T111206, start_date=20230108T111212, end_date=20230108T111213
[2023-01-08 11:12:13,336] {local_task_job.py:156} INFO - Task exited with return code 0
[2023-01-08 11:12:13,367] {local_task_job.py:273} INFO - 1 downstream tasks scheduled from follow-on schedule check
