[2023-01-07 17:43:20,979] {taskinstance.py:1179} INFO - Dependencies all met for <TaskInstance: Lead_Scoring_Data_Engineering_Pipeline.checking_model_inputs_schema manual__2023-01-07T17:42:39.919531+00:00 [queued]>
[2023-01-07 17:43:20,985] {taskinstance.py:1179} INFO - Dependencies all met for <TaskInstance: Lead_Scoring_Data_Engineering_Pipeline.checking_model_inputs_schema manual__2023-01-07T17:42:39.919531+00:00 [queued]>
[2023-01-07 17:43:20,985] {taskinstance.py:1376} INFO - 
--------------------------------------------------------------------------------
[2023-01-07 17:43:20,985] {taskinstance.py:1377} INFO - Starting attempt 1 of 2
[2023-01-07 17:43:20,985] {taskinstance.py:1378} INFO - 
--------------------------------------------------------------------------------
[2023-01-07 17:43:20,995] {taskinstance.py:1397} INFO - Executing <Task(PythonOperator): checking_model_inputs_schema> on 2023-01-07 17:42:39.919531+00:00
[2023-01-07 17:43:20,999] {standard_task_runner.py:52} INFO - Started process 1719 to run task
[2023-01-07 17:43:21,006] {standard_task_runner.py:79} INFO - Running: ['airflow', 'tasks', 'run', 'Lead_Scoring_Data_Engineering_Pipeline', 'checking_model_inputs_schema', 'manual__2023-01-07T17:42:39.919531+00:00', '--job-id', '15', '--raw', '--subdir', 'DAGS_FOLDER/Lead_scoring_data_pipeline/lead_scoring_data_pipeline.py', '--cfg-path', '/tmp/tmpqzyn8eeb', '--error-file', '/tmp/tmp8nuy6rws']
[2023-01-07 17:43:21,008] {standard_task_runner.py:80} INFO - Job 15: Subtask checking_model_inputs_schema
[2023-01-07 17:43:21,052] {task_command.py:371} INFO - Running <TaskInstance: Lead_Scoring_Data_Engineering_Pipeline.checking_model_inputs_schema manual__2023-01-07T17:42:39.919531+00:00 [running]> on host 53a4c6599d84
[2023-01-07 17:43:21,101] {taskinstance.py:1589} INFO - Exporting the following env vars:
AIRFLOW_CTX_DAG_OWNER=airflow
AIRFLOW_CTX_DAG_ID=Lead_Scoring_Data_Engineering_Pipeline
AIRFLOW_CTX_TASK_ID=checking_model_inputs_schema
AIRFLOW_CTX_EXECUTION_DATE=2023-01-07T17:42:39.919531+00:00
AIRFLOW_CTX_TRY_NUMBER=1
AIRFLOW_CTX_DAG_RUN_ID=manual__2023-01-07T17:42:39.919531+00:00
[2023-01-07 17:43:21,167] {logging_mixin.py:115} INFO - Models input schema is in line with the schema present in schema.py
[2023-01-07 17:43:21,169] {python.py:173} INFO - Done. Returned value was: None
[2023-01-07 17:43:21,175] {taskinstance.py:1415} INFO - Marking task as SUCCESS. dag_id=Lead_Scoring_Data_Engineering_Pipeline, task_id=checking_model_inputs_schema, execution_date=20230107T174239, start_date=20230107T174320, end_date=20230107T174321
[2023-01-07 17:43:21,214] {local_task_job.py:156} INFO - Task exited with return code 0
[2023-01-07 17:43:21,235] {local_task_job.py:273} INFO - 0 downstream tasks scheduled from follow-on schedule check
