[2023-01-08 10:07:01,497] {taskinstance.py:1179} INFO - Dependencies all met for <TaskInstance: Lead_scoring_training_pipeline.encoding_categorical_variables manual__2023-01-08T10:06:57.530111+00:00 [queued]>
[2023-01-08 10:07:01,502] {taskinstance.py:1179} INFO - Dependencies all met for <TaskInstance: Lead_scoring_training_pipeline.encoding_categorical_variables manual__2023-01-08T10:06:57.530111+00:00 [queued]>
[2023-01-08 10:07:01,502] {taskinstance.py:1376} INFO - 
--------------------------------------------------------------------------------
[2023-01-08 10:07:01,502] {taskinstance.py:1377} INFO - Starting attempt 1 of 2
[2023-01-08 10:07:01,502] {taskinstance.py:1378} INFO - 
--------------------------------------------------------------------------------
[2023-01-08 10:07:01,513] {taskinstance.py:1397} INFO - Executing <Task(PythonOperator): encoding_categorical_variables> on 2023-01-08 10:06:57.530111+00:00
[2023-01-08 10:07:01,521] {standard_task_runner.py:52} INFO - Started process 11781 to run task
[2023-01-08 10:07:01,528] {standard_task_runner.py:79} INFO - Running: ['airflow', 'tasks', 'run', 'Lead_scoring_training_pipeline', 'encoding_categorical_variables', 'manual__2023-01-08T10:06:57.530111+00:00', '--job-id', '85', '--raw', '--subdir', 'DAGS_FOLDER/Lead_scoring_training_pipeline/.ipynb_checkpoints/lead_scoring_training_pipeline-checkpoint.py', '--cfg-path', '/tmp/tmpeu4gczlm', '--error-file', '/tmp/tmp6pikw53m']
[2023-01-08 10:07:01,529] {standard_task_runner.py:80} INFO - Job 85: Subtask encoding_categorical_variables
[2023-01-08 10:07:01,575] {task_command.py:371} INFO - Running <TaskInstance: Lead_scoring_training_pipeline.encoding_categorical_variables manual__2023-01-08T10:06:57.530111+00:00 [running]> on host 1f037b111ba5
[2023-01-08 10:07:01,624] {taskinstance.py:1589} INFO - Exporting the following env vars:
AIRFLOW_CTX_DAG_OWNER=airflow
AIRFLOW_CTX_DAG_ID=Lead_scoring_training_pipeline
AIRFLOW_CTX_TASK_ID=encoding_categorical_variables
AIRFLOW_CTX_EXECUTION_DATE=2023-01-08T10:06:57.530111+00:00
AIRFLOW_CTX_TRY_NUMBER=1
AIRFLOW_CTX_DAG_RUN_ID=manual__2023-01-08T10:06:57.530111+00:00
[2023-01-08 10:07:02,085] {python.py:173} INFO - Done. Returned value was: None
[2023-01-08 10:07:02,091] {taskinstance.py:1415} INFO - Marking task as SUCCESS. dag_id=Lead_scoring_training_pipeline, task_id=encoding_categorical_variables, execution_date=20230108T100657, start_date=20230108T100701, end_date=20230108T100702
[2023-01-08 10:07:02,137] {local_task_job.py:156} INFO - Task exited with return code 0
[2023-01-08 10:07:02,170] {local_task_job.py:273} INFO - 1 downstream tasks scheduled from follow-on schedule check
