[2023-01-08 08:30:47,232] {taskinstance.py:1179} INFO - Dependencies all met for <TaskInstance: Lead_Scoring_Data_Engineering_Pipeline.mapping_interactions scheduled__2023-01-07T00:00:00+00:00 [queued]>
[2023-01-08 08:30:47,237] {taskinstance.py:1179} INFO - Dependencies all met for <TaskInstance: Lead_Scoring_Data_Engineering_Pipeline.mapping_interactions scheduled__2023-01-07T00:00:00+00:00 [queued]>
[2023-01-08 08:30:47,237] {taskinstance.py:1376} INFO - 
--------------------------------------------------------------------------------
[2023-01-08 08:30:47,237] {taskinstance.py:1377} INFO - Starting attempt 1 of 2
[2023-01-08 08:30:47,237] {taskinstance.py:1378} INFO - 
--------------------------------------------------------------------------------
[2023-01-08 08:30:47,248] {taskinstance.py:1397} INFO - Executing <Task(PythonOperator): mapping_interactions> on 2023-01-07 00:00:00+00:00
[2023-01-08 08:30:47,252] {standard_task_runner.py:52} INFO - Started process 1400 to run task
[2023-01-08 08:30:47,258] {standard_task_runner.py:79} INFO - Running: ['airflow', 'tasks', 'run', 'Lead_Scoring_Data_Engineering_Pipeline', 'mapping_interactions', 'scheduled__2023-01-07T00:00:00+00:00', '--job-id', '29', '--raw', '--subdir', 'DAGS_FOLDER/Lead_scoring_data_pipeline/lead_scoring_data_pipeline.py', '--cfg-path', '/tmp/tmpbs8hr_08', '--error-file', '/tmp/tmpay2t1lrw']
[2023-01-08 08:30:47,260] {standard_task_runner.py:80} INFO - Job 29: Subtask mapping_interactions
[2023-01-08 08:30:47,306] {task_command.py:371} INFO - Running <TaskInstance: Lead_Scoring_Data_Engineering_Pipeline.mapping_interactions scheduled__2023-01-07T00:00:00+00:00 [running]> on host 1f037b111ba5
[2023-01-08 08:30:47,357] {taskinstance.py:1589} INFO - Exporting the following env vars:
AIRFLOW_CTX_DAG_OWNER=airflow
AIRFLOW_CTX_DAG_ID=Lead_Scoring_Data_Engineering_Pipeline
AIRFLOW_CTX_TASK_ID=mapping_interactions
AIRFLOW_CTX_EXECUTION_DATE=2023-01-07T00:00:00+00:00
AIRFLOW_CTX_TRY_NUMBER=1
AIRFLOW_CTX_DAG_RUN_ID=scheduled__2023-01-07T00:00:00+00:00
[2023-01-08 08:30:49,736] {python.py:173} INFO - Done. Returned value was: None
[2023-01-08 08:30:49,743] {taskinstance.py:1415} INFO - Marking task as SUCCESS. dag_id=Lead_Scoring_Data_Engineering_Pipeline, task_id=mapping_interactions, execution_date=20230107T000000, start_date=20230108T083047, end_date=20230108T083049
[2023-01-08 08:30:49,796] {local_task_job.py:156} INFO - Task exited with return code 0
[2023-01-08 08:30:49,829] {local_task_job.py:273} INFO - 1 downstream tasks scheduled from follow-on schedule check
