[2023-01-07 17:42:51,692] {taskinstance.py:1179} INFO - Dependencies all met for <TaskInstance: Lead_Scoring_Data_Engineering_Pipeline.loading_data scheduled__2023-01-06T00:00:00+00:00 [queued]>
[2023-01-07 17:42:51,698] {taskinstance.py:1179} INFO - Dependencies all met for <TaskInstance: Lead_Scoring_Data_Engineering_Pipeline.loading_data scheduled__2023-01-06T00:00:00+00:00 [queued]>
[2023-01-07 17:42:51,698] {taskinstance.py:1376} INFO - 
--------------------------------------------------------------------------------
[2023-01-07 17:42:51,698] {taskinstance.py:1377} INFO - Starting attempt 1 of 2
[2023-01-07 17:42:51,698] {taskinstance.py:1378} INFO - 
--------------------------------------------------------------------------------
[2023-01-07 17:42:51,709] {taskinstance.py:1397} INFO - Executing <Task(PythonOperator): loading_data> on 2023-01-06 00:00:00+00:00
[2023-01-07 17:42:51,712] {standard_task_runner.py:52} INFO - Started process 1562 to run task
[2023-01-07 17:42:51,718] {standard_task_runner.py:79} INFO - Running: ['airflow', 'tasks', 'run', 'Lead_Scoring_Data_Engineering_Pipeline', 'loading_data', 'scheduled__2023-01-06T00:00:00+00:00', '--job-id', '6', '--raw', '--subdir', 'DAGS_FOLDER/Lead_scoring_data_pipeline/lead_scoring_data_pipeline.py', '--cfg-path', '/tmp/tmp04ps62qb', '--error-file', '/tmp/tmpg4gyw6x9']
[2023-01-07 17:42:51,719] {standard_task_runner.py:80} INFO - Job 6: Subtask loading_data
[2023-01-07 17:42:51,761] {task_command.py:371} INFO - Running <TaskInstance: Lead_Scoring_Data_Engineering_Pipeline.loading_data scheduled__2023-01-06T00:00:00+00:00 [running]> on host 53a4c6599d84
[2023-01-07 17:42:51,800] {taskinstance.py:1589} INFO - Exporting the following env vars:
AIRFLOW_CTX_DAG_OWNER=airflow
AIRFLOW_CTX_DAG_ID=Lead_Scoring_Data_Engineering_Pipeline
AIRFLOW_CTX_TASK_ID=loading_data
AIRFLOW_CTX_EXECUTION_DATE=2023-01-06T00:00:00+00:00
AIRFLOW_CTX_TRY_NUMBER=1
AIRFLOW_CTX_DAG_RUN_ID=scheduled__2023-01-06T00:00:00+00:00
[2023-01-07 17:42:52,408] {python.py:173} INFO - Done. Returned value was: None
[2023-01-07 17:42:52,415] {taskinstance.py:1415} INFO - Marking task as SUCCESS. dag_id=Lead_Scoring_Data_Engineering_Pipeline, task_id=loading_data, execution_date=20230106T000000, start_date=20230107T174251, end_date=20230107T174252
[2023-01-07 17:42:52,449] {local_task_job.py:156} INFO - Task exited with return code 0
[2023-01-07 17:42:52,488] {local_task_job.py:273} INFO - 1 downstream tasks scheduled from follow-on schedule check
