[2023-01-08 09:34:47,372] {taskinstance.py:1179} INFO - Dependencies all met for <TaskInstance: Lead_scoring_inference_pipeline.checking_input_features scheduled__2023-01-08T08:00:00+00:00 [queued]>
[2023-01-08 09:34:47,377] {taskinstance.py:1179} INFO - Dependencies all met for <TaskInstance: Lead_scoring_inference_pipeline.checking_input_features scheduled__2023-01-08T08:00:00+00:00 [queued]>
[2023-01-08 09:34:47,377] {taskinstance.py:1376} INFO - 
--------------------------------------------------------------------------------
[2023-01-08 09:34:47,377] {taskinstance.py:1377} INFO - Starting attempt 1 of 2
[2023-01-08 09:34:47,377] {taskinstance.py:1378} INFO - 
--------------------------------------------------------------------------------
[2023-01-08 09:34:47,388] {taskinstance.py:1397} INFO - Executing <Task(PythonOperator): checking_input_features> on 2023-01-08 08:00:00+00:00
[2023-01-08 09:34:47,392] {standard_task_runner.py:52} INFO - Started process 9072 to run task
[2023-01-08 09:34:47,398] {standard_task_runner.py:79} INFO - Running: ['airflow', 'tasks', 'run', 'Lead_scoring_inference_pipeline', 'checking_input_features', 'scheduled__2023-01-08T08:00:00+00:00', '--job-id', '69', '--raw', '--subdir', 'DAGS_FOLDER/Lead_scoring_inference_pipeline/.ipynb_checkpoints/lead_scoring_inference_pipeline-checkpoint.py', '--cfg-path', '/tmp/tmpq84ojxjt', '--error-file', '/tmp/tmpqeeotery']
[2023-01-08 09:34:47,400] {standard_task_runner.py:80} INFO - Job 69: Subtask checking_input_features
[2023-01-08 09:34:47,441] {task_command.py:371} INFO - Running <TaskInstance: Lead_scoring_inference_pipeline.checking_input_features scheduled__2023-01-08T08:00:00+00:00 [running]> on host 1f037b111ba5
[2023-01-08 09:34:47,592] {taskinstance.py:1589} INFO - Exporting the following env vars:
AIRFLOW_CTX_DAG_OWNER=airflow
AIRFLOW_CTX_DAG_ID=Lead_scoring_inference_pipeline
AIRFLOW_CTX_TASK_ID=checking_input_features
AIRFLOW_CTX_EXECUTION_DATE=2023-01-08T08:00:00+00:00
AIRFLOW_CTX_TRY_NUMBER=1
AIRFLOW_CTX_DAG_RUN_ID=scheduled__2023-01-08T08:00:00+00:00
[2023-01-08 09:34:47,974] {logging_mixin.py:115} INFO - All the models input are present
[2023-01-08 09:34:47,975] {python.py:173} INFO - Done. Returned value was: None
[2023-01-08 09:34:47,980] {taskinstance.py:1415} INFO - Marking task as SUCCESS. dag_id=Lead_scoring_inference_pipeline, task_id=checking_input_features, execution_date=20230108T080000, start_date=20230108T093447, end_date=20230108T093447
[2023-01-08 09:34:48,008] {local_task_job.py:156} INFO - Task exited with return code 0
[2023-01-08 09:34:48,044] {local_task_job.py:273} INFO - 1 downstream tasks scheduled from follow-on schedule check
