[2023-01-07 17:42:46,276] {taskinstance.py:1179} INFO - Dependencies all met for <TaskInstance: Lead_Scoring_Data_Engineering_Pipeline.checking_raw_data_schema scheduled__2023-01-06T00:00:00+00:00 [queued]>
[2023-01-07 17:42:46,282] {taskinstance.py:1179} INFO - Dependencies all met for <TaskInstance: Lead_Scoring_Data_Engineering_Pipeline.checking_raw_data_schema scheduled__2023-01-06T00:00:00+00:00 [queued]>
[2023-01-07 17:42:46,282] {taskinstance.py:1376} INFO - 
--------------------------------------------------------------------------------
[2023-01-07 17:42:46,282] {taskinstance.py:1377} INFO - Starting attempt 1 of 2
[2023-01-07 17:42:46,282] {taskinstance.py:1378} INFO - 
--------------------------------------------------------------------------------
[2023-01-07 17:42:46,293] {taskinstance.py:1397} INFO - Executing <Task(PythonOperator): checking_raw_data_schema> on 2023-01-06 00:00:00+00:00
[2023-01-07 17:42:46,298] {standard_task_runner.py:52} INFO - Started process 1527 to run task
[2023-01-07 17:42:46,302] {standard_task_runner.py:79} INFO - Running: ['airflow', 'tasks', 'run', 'Lead_Scoring_Data_Engineering_Pipeline', 'checking_raw_data_schema', 'scheduled__2023-01-06T00:00:00+00:00', '--job-id', '4', '--raw', '--subdir', 'DAGS_FOLDER/Lead_scoring_data_pipeline/lead_scoring_data_pipeline.py', '--cfg-path', '/tmp/tmp5nfd1vdu', '--error-file', '/tmp/tmpnj_gjotv']
[2023-01-07 17:42:46,304] {standard_task_runner.py:80} INFO - Job 4: Subtask checking_raw_data_schema
[2023-01-07 17:42:46,355] {task_command.py:371} INFO - Running <TaskInstance: Lead_Scoring_Data_Engineering_Pipeline.checking_raw_data_schema scheduled__2023-01-06T00:00:00+00:00 [running]> on host 53a4c6599d84
[2023-01-07 17:42:46,405] {taskinstance.py:1589} INFO - Exporting the following env vars:
AIRFLOW_CTX_DAG_OWNER=airflow
AIRFLOW_CTX_DAG_ID=Lead_Scoring_Data_Engineering_Pipeline
AIRFLOW_CTX_TASK_ID=checking_raw_data_schema
AIRFLOW_CTX_EXECUTION_DATE=2023-01-06T00:00:00+00:00
AIRFLOW_CTX_TRY_NUMBER=1
AIRFLOW_CTX_DAG_RUN_ID=scheduled__2023-01-06T00:00:00+00:00
[2023-01-07 17:42:47,033] {logging_mixin.py:115} INFO - Raw datas schema is in line with the schema present in schema.py
[2023-01-07 17:42:47,042] {python.py:173} INFO - Done. Returned value was: None
[2023-01-07 17:42:47,049] {taskinstance.py:1415} INFO - Marking task as SUCCESS. dag_id=Lead_Scoring_Data_Engineering_Pipeline, task_id=checking_raw_data_schema, execution_date=20230106T000000, start_date=20230107T174246, end_date=20230107T174247
[2023-01-07 17:42:47,075] {local_task_job.py:156} INFO - Task exited with return code 0
[2023-01-07 17:42:47,109] {local_task_job.py:273} INFO - 1 downstream tasks scheduled from follow-on schedule check
