[2023-01-07 17:43:18,964] {taskinstance.py:1179} INFO - Dependencies all met for <TaskInstance: Lead_Scoring_Data_Engineering_Pipeline.checking_model_inputs_schema scheduled__2023-01-06T00:00:00+00:00 [queued]>
[2023-01-07 17:43:18,970] {taskinstance.py:1179} INFO - Dependencies all met for <TaskInstance: Lead_Scoring_Data_Engineering_Pipeline.checking_model_inputs_schema scheduled__2023-01-06T00:00:00+00:00 [queued]>
[2023-01-07 17:43:18,970] {taskinstance.py:1376} INFO - 
--------------------------------------------------------------------------------
[2023-01-07 17:43:18,970] {taskinstance.py:1377} INFO - Starting attempt 1 of 2
[2023-01-07 17:43:18,970] {taskinstance.py:1378} INFO - 
--------------------------------------------------------------------------------
[2023-01-07 17:43:18,980] {taskinstance.py:1397} INFO - Executing <Task(PythonOperator): checking_model_inputs_schema> on 2023-01-06 00:00:00+00:00
[2023-01-07 17:43:18,984] {standard_task_runner.py:52} INFO - Started process 1702 to run task
[2023-01-07 17:43:18,990] {standard_task_runner.py:79} INFO - Running: ['airflow', 'tasks', 'run', 'Lead_Scoring_Data_Engineering_Pipeline', 'checking_model_inputs_schema', 'scheduled__2023-01-06T00:00:00+00:00', '--job-id', '14', '--raw', '--subdir', 'DAGS_FOLDER/Lead_scoring_data_pipeline/lead_scoring_data_pipeline.py', '--cfg-path', '/tmp/tmphwcx06uu', '--error-file', '/tmp/tmp3c7a9gm2']
[2023-01-07 17:43:18,992] {standard_task_runner.py:80} INFO - Job 14: Subtask checking_model_inputs_schema
[2023-01-07 17:43:19,037] {task_command.py:371} INFO - Running <TaskInstance: Lead_Scoring_Data_Engineering_Pipeline.checking_model_inputs_schema scheduled__2023-01-06T00:00:00+00:00 [running]> on host 53a4c6599d84
[2023-01-07 17:43:19,090] {taskinstance.py:1589} INFO - Exporting the following env vars:
AIRFLOW_CTX_DAG_OWNER=airflow
AIRFLOW_CTX_DAG_ID=Lead_Scoring_Data_Engineering_Pipeline
AIRFLOW_CTX_TASK_ID=checking_model_inputs_schema
AIRFLOW_CTX_EXECUTION_DATE=2023-01-06T00:00:00+00:00
AIRFLOW_CTX_TRY_NUMBER=1
AIRFLOW_CTX_DAG_RUN_ID=scheduled__2023-01-06T00:00:00+00:00
[2023-01-07 17:43:19,154] {logging_mixin.py:115} INFO - Models input schema is in line with the schema present in schema.py
[2023-01-07 17:43:19,156] {python.py:173} INFO - Done. Returned value was: None
[2023-01-07 17:43:19,162] {taskinstance.py:1415} INFO - Marking task as SUCCESS. dag_id=Lead_Scoring_Data_Engineering_Pipeline, task_id=checking_model_inputs_schema, execution_date=20230106T000000, start_date=20230107T174318, end_date=20230107T174319
[2023-01-07 17:43:19,198] {local_task_job.py:156} INFO - Task exited with return code 0
[2023-01-07 17:43:19,220] {local_task_job.py:273} INFO - 0 downstream tasks scheduled from follow-on schedule check
