[2023-01-08 11:34:05,988] {taskinstance.py:1179} INFO - Dependencies all met for <TaskInstance: Lead_scoring_inference_pipeline.checking_model_prediction_ratio manual__2023-01-08T11:33:36.486956+00:00 [queued]>
[2023-01-08 11:34:05,993] {taskinstance.py:1179} INFO - Dependencies all met for <TaskInstance: Lead_scoring_inference_pipeline.checking_model_prediction_ratio manual__2023-01-08T11:33:36.486956+00:00 [queued]>
[2023-01-08 11:34:05,993] {taskinstance.py:1376} INFO - 
--------------------------------------------------------------------------------
[2023-01-08 11:34:05,993] {taskinstance.py:1377} INFO - Starting attempt 1 of 2
[2023-01-08 11:34:05,994] {taskinstance.py:1378} INFO - 
--------------------------------------------------------------------------------
[2023-01-08 11:34:06,005] {taskinstance.py:1397} INFO - Executing <Task(PythonOperator): checking_model_prediction_ratio> on 2023-01-08 11:33:36.486956+00:00
[2023-01-08 11:34:06,010] {standard_task_runner.py:52} INFO - Started process 23728 to run task
[2023-01-08 11:34:06,017] {standard_task_runner.py:79} INFO - Running: ['airflow', 'tasks', 'run', 'Lead_scoring_inference_pipeline', 'checking_model_prediction_ratio', 'manual__2023-01-08T11:33:36.486956+00:00', '--job-id', '128', '--raw', '--subdir', 'DAGS_FOLDER/Lead_scoring_inference_pipeline/.ipynb_checkpoints/lead_scoring_inference_pipeline-checkpoint.py', '--cfg-path', '/tmp/tmpyxqwngck', '--error-file', '/tmp/tmp9ulikbfe']
[2023-01-08 11:34:06,018] {standard_task_runner.py:80} INFO - Job 128: Subtask checking_model_prediction_ratio
[2023-01-08 11:34:06,062] {task_command.py:371} INFO - Running <TaskInstance: Lead_scoring_inference_pipeline.checking_model_prediction_ratio manual__2023-01-08T11:33:36.486956+00:00 [running]> on host 1f037b111ba5
[2023-01-08 11:34:06,218] {taskinstance.py:1589} INFO - Exporting the following env vars:
AIRFLOW_CTX_DAG_OWNER=airflow
AIRFLOW_CTX_DAG_ID=Lead_scoring_inference_pipeline
AIRFLOW_CTX_TASK_ID=checking_model_prediction_ratio
AIRFLOW_CTX_EXECUTION_DATE=2023-01-08T11:33:36.486956+00:00
AIRFLOW_CTX_TRY_NUMBER=1
AIRFLOW_CTX_DAG_RUN_ID=manual__2023-01-08T11:33:36.486956+00:00
[2023-01-08 11:34:10,640] {python.py:173} INFO - Done. Returned value was: None
[2023-01-08 11:34:10,646] {taskinstance.py:1415} INFO - Marking task as SUCCESS. dag_id=Lead_scoring_inference_pipeline, task_id=checking_model_prediction_ratio, execution_date=20230108T113336, start_date=20230108T113405, end_date=20230108T113410
[2023-01-08 11:34:10,684] {local_task_job.py:156} INFO - Task exited with return code 0
[2023-01-08 11:34:10,709] {local_task_job.py:273} INFO - 0 downstream tasks scheduled from follow-on schedule check
