[2023-01-08 08:31:43,336] {taskinstance.py:1179} INFO - Dependencies all met for <TaskInstance: Lead_Scoring_Data_Engineering_Pipeline.mapping_categorical_vars manual__2023-01-08T08:31:30.697531+00:00 [queued]>
[2023-01-08 08:31:43,342] {taskinstance.py:1179} INFO - Dependencies all met for <TaskInstance: Lead_Scoring_Data_Engineering_Pipeline.mapping_categorical_vars manual__2023-01-08T08:31:30.697531+00:00 [queued]>
[2023-01-08 08:31:43,342] {taskinstance.py:1376} INFO - 
--------------------------------------------------------------------------------
[2023-01-08 08:31:43,342] {taskinstance.py:1377} INFO - Starting attempt 1 of 2
[2023-01-08 08:31:43,342] {taskinstance.py:1378} INFO - 
--------------------------------------------------------------------------------
[2023-01-08 08:31:43,352] {taskinstance.py:1397} INFO - Executing <Task(PythonOperator): mapping_categorical_vars> on 2023-01-08 08:31:30.697531+00:00
[2023-01-08 08:31:43,356] {standard_task_runner.py:52} INFO - Started process 1558 to run task
[2023-01-08 08:31:43,361] {standard_task_runner.py:79} INFO - Running: ['airflow', 'tasks', 'run', 'Lead_Scoring_Data_Engineering_Pipeline', 'mapping_categorical_vars', 'manual__2023-01-08T08:31:30.697531+00:00', '--job-id', '36', '--raw', '--subdir', 'DAGS_FOLDER/Lead_scoring_data_pipeline/lead_scoring_data_pipeline.py', '--cfg-path', '/tmp/tmpp9ajb432', '--error-file', '/tmp/tmpguf6cvr9']
[2023-01-08 08:31:43,363] {standard_task_runner.py:80} INFO - Job 36: Subtask mapping_categorical_vars
[2023-01-08 08:31:43,414] {task_command.py:371} INFO - Running <TaskInstance: Lead_Scoring_Data_Engineering_Pipeline.mapping_categorical_vars manual__2023-01-08T08:31:30.697531+00:00 [running]> on host 1f037b111ba5
[2023-01-08 08:31:43,463] {taskinstance.py:1589} INFO - Exporting the following env vars:
AIRFLOW_CTX_DAG_OWNER=airflow
AIRFLOW_CTX_DAG_ID=Lead_Scoring_Data_Engineering_Pipeline
AIRFLOW_CTX_TASK_ID=mapping_categorical_vars
AIRFLOW_CTX_EXECUTION_DATE=2023-01-08T08:31:30.697531+00:00
AIRFLOW_CTX_TRY_NUMBER=1
AIRFLOW_CTX_DAG_RUN_ID=manual__2023-01-08T08:31:30.697531+00:00
[2023-01-08 08:31:43,830] {logging_mixin.py:115} WARNING - /home/airflow/dags/Lead_scoring_data_pipeline/utils.py:199 SettingWithCopyWarning: 
A value is trying to be set on a copy of a slice from a DataFrame.
Try using .loc[row_indexer,col_indexer] = value instead

See the caveats in the documentation: https://pandas.pydata.org/pandas-docs/stable/user_guide/indexing.html#returning-a-view-versus-a-copy
[2023-01-08 08:31:43,879] {logging_mixin.py:115} WARNING - /home/airflow/dags/Lead_scoring_data_pipeline/utils.py:208 SettingWithCopyWarning: 
A value is trying to be set on a copy of a slice from a DataFrame.
Try using .loc[row_indexer,col_indexer] = value instead

See the caveats in the documentation: https://pandas.pydata.org/pandas-docs/stable/user_guide/indexing.html#returning-a-view-versus-a-copy
[2023-01-08 08:31:43,927] {logging_mixin.py:115} WARNING - /home/airflow/dags/Lead_scoring_data_pipeline/utils.py:217 SettingWithCopyWarning: 
A value is trying to be set on a copy of a slice from a DataFrame.
Try using .loc[row_indexer,col_indexer] = value instead

See the caveats in the documentation: https://pandas.pydata.org/pandas-docs/stable/user_guide/indexing.html#returning-a-view-versus-a-copy
[2023-01-08 08:31:44,584] {python.py:173} INFO - Done. Returned value was: None
[2023-01-08 08:31:44,590] {taskinstance.py:1415} INFO - Marking task as SUCCESS. dag_id=Lead_Scoring_Data_Engineering_Pipeline, task_id=mapping_categorical_vars, execution_date=20230108T083130, start_date=20230108T083143, end_date=20230108T083144
[2023-01-08 08:31:44,614] {local_task_job.py:156} INFO - Task exited with return code 0
[2023-01-08 08:31:44,647] {local_task_job.py:273} INFO - 1 downstream tasks scheduled from follow-on schedule check
