[2023-01-08 08:31:40,248] {taskinstance.py:1179} INFO - Dependencies all met for <TaskInstance: Lead_Scoring_Data_Engineering_Pipeline.mapping_city_tier manual__2023-01-08T08:31:30.697531+00:00 [queued]>
[2023-01-08 08:31:40,253] {taskinstance.py:1179} INFO - Dependencies all met for <TaskInstance: Lead_Scoring_Data_Engineering_Pipeline.mapping_city_tier manual__2023-01-08T08:31:30.697531+00:00 [queued]>
[2023-01-08 08:31:40,253] {taskinstance.py:1376} INFO - 
--------------------------------------------------------------------------------
[2023-01-08 08:31:40,253] {taskinstance.py:1377} INFO - Starting attempt 1 of 2
[2023-01-08 08:31:40,253] {taskinstance.py:1378} INFO - 
--------------------------------------------------------------------------------
[2023-01-08 08:31:40,268] {taskinstance.py:1397} INFO - Executing <Task(PythonOperator): mapping_city_tier> on 2023-01-08 08:31:30.697531+00:00
[2023-01-08 08:31:40,272] {standard_task_runner.py:52} INFO - Started process 1539 to run task
[2023-01-08 08:31:40,279] {standard_task_runner.py:79} INFO - Running: ['airflow', 'tasks', 'run', 'Lead_Scoring_Data_Engineering_Pipeline', 'mapping_city_tier', 'manual__2023-01-08T08:31:30.697531+00:00', '--job-id', '35', '--raw', '--subdir', 'DAGS_FOLDER/Lead_scoring_data_pipeline/lead_scoring_data_pipeline.py', '--cfg-path', '/tmp/tmp81a269bw', '--error-file', '/tmp/tmph06ogchy']
[2023-01-08 08:31:40,281] {standard_task_runner.py:80} INFO - Job 35: Subtask mapping_city_tier
[2023-01-08 08:31:40,326] {task_command.py:371} INFO - Running <TaskInstance: Lead_Scoring_Data_Engineering_Pipeline.mapping_city_tier manual__2023-01-08T08:31:30.697531+00:00 [running]> on host 1f037b111ba5
[2023-01-08 08:31:40,377] {taskinstance.py:1589} INFO - Exporting the following env vars:
AIRFLOW_CTX_DAG_OWNER=airflow
AIRFLOW_CTX_DAG_ID=Lead_Scoring_Data_Engineering_Pipeline
AIRFLOW_CTX_TASK_ID=mapping_city_tier
AIRFLOW_CTX_EXECUTION_DATE=2023-01-08T08:31:30.697531+00:00
AIRFLOW_CTX_TRY_NUMBER=1
AIRFLOW_CTX_DAG_RUN_ID=manual__2023-01-08T08:31:30.697531+00:00
[2023-01-08 08:31:41,305] {python.py:173} INFO - Done. Returned value was: None
[2023-01-08 08:31:41,311] {taskinstance.py:1415} INFO - Marking task as SUCCESS. dag_id=Lead_Scoring_Data_Engineering_Pipeline, task_id=mapping_city_tier, execution_date=20230108T083130, start_date=20230108T083140, end_date=20230108T083141
[2023-01-08 08:31:41,331] {local_task_job.py:156} INFO - Task exited with return code 0
[2023-01-08 08:31:41,364] {local_task_job.py:273} INFO - 1 downstream tasks scheduled from follow-on schedule check
