[2023-01-08 11:30:29,231] {taskinstance.py:1179} INFO - Dependencies all met for <TaskInstance: Lead_Scoring_Data_Engineering_Pipeline.checking_model_inputs_schema manual__2023-01-08T11:29:16.452648+00:00 [queued]>
[2023-01-08 11:30:29,236] {taskinstance.py:1179} INFO - Dependencies all met for <TaskInstance: Lead_Scoring_Data_Engineering_Pipeline.checking_model_inputs_schema manual__2023-01-08T11:29:16.452648+00:00 [queued]>
[2023-01-08 11:30:29,236] {taskinstance.py:1376} INFO - 
--------------------------------------------------------------------------------
[2023-01-08 11:30:29,236] {taskinstance.py:1377} INFO - Starting attempt 1 of 2
[2023-01-08 11:30:29,236] {taskinstance.py:1378} INFO - 
--------------------------------------------------------------------------------
[2023-01-08 11:30:29,247] {taskinstance.py:1397} INFO - Executing <Task(PythonOperator): checking_model_inputs_schema> on 2023-01-08 11:29:16.452648+00:00
[2023-01-08 11:30:29,252] {standard_task_runner.py:52} INFO - Started process 23015 to run task
[2023-01-08 11:30:29,259] {standard_task_runner.py:79} INFO - Running: ['airflow', 'tasks', 'run', 'Lead_Scoring_Data_Engineering_Pipeline', 'checking_model_inputs_schema', 'manual__2023-01-08T11:29:16.452648+00:00', '--job-id', '122', '--raw', '--subdir', 'DAGS_FOLDER/Lead_scoring_data_pipeline/.ipynb_checkpoints/lead_scoring_data_pipeline-checkpoint.py', '--cfg-path', '/tmp/tmpxp0ojra2', '--error-file', '/tmp/tmpi1tdncg1']
[2023-01-08 11:30:29,260] {standard_task_runner.py:80} INFO - Job 122: Subtask checking_model_inputs_schema
[2023-01-08 11:30:29,308] {task_command.py:371} INFO - Running <TaskInstance: Lead_Scoring_Data_Engineering_Pipeline.checking_model_inputs_schema manual__2023-01-08T11:29:16.452648+00:00 [running]> on host 1f037b111ba5
[2023-01-08 11:30:29,365] {taskinstance.py:1589} INFO - Exporting the following env vars:
AIRFLOW_CTX_DAG_OWNER=airflow
AIRFLOW_CTX_DAG_ID=Lead_Scoring_Data_Engineering_Pipeline
AIRFLOW_CTX_TASK_ID=checking_model_inputs_schema
AIRFLOW_CTX_EXECUTION_DATE=2023-01-08T11:29:16.452648+00:00
AIRFLOW_CTX_TRY_NUMBER=1
AIRFLOW_CTX_DAG_RUN_ID=manual__2023-01-08T11:29:16.452648+00:00
[2023-01-08 11:30:29,954] {logging_mixin.py:115} INFO - Models input schema is in line with the schema present in schema.py
[2023-01-08 11:30:29,978] {python.py:173} INFO - Done. Returned value was: None
[2023-01-08 11:30:29,984] {taskinstance.py:1415} INFO - Marking task as SUCCESS. dag_id=Lead_Scoring_Data_Engineering_Pipeline, task_id=checking_model_inputs_schema, execution_date=20230108T112916, start_date=20230108T113029, end_date=20230108T113029
[2023-01-08 11:30:30,029] {local_task_job.py:156} INFO - Task exited with return code 0
[2023-01-08 11:30:30,054] {local_task_job.py:273} INFO - 0 downstream tasks scheduled from follow-on schedule check
