[2023-01-08 11:22:42,605] {taskinstance.py:1179} INFO - Dependencies all met for <TaskInstance: Lead_scoring_inference_pipeline.checking_input_features manual__2023-01-08T11:22:33.228404+00:00 [queued]>
[2023-01-08 11:22:42,622] {taskinstance.py:1179} INFO - Dependencies all met for <TaskInstance: Lead_scoring_inference_pipeline.checking_input_features manual__2023-01-08T11:22:33.228404+00:00 [queued]>
[2023-01-08 11:22:42,622] {taskinstance.py:1376} INFO - 
--------------------------------------------------------------------------------
[2023-01-08 11:22:42,622] {taskinstance.py:1377} INFO - Starting attempt 1 of 2
[2023-01-08 11:22:42,622] {taskinstance.py:1378} INFO - 
--------------------------------------------------------------------------------
[2023-01-08 11:22:42,636] {taskinstance.py:1397} INFO - Executing <Task(PythonOperator): checking_input_features> on 2023-01-08 11:22:33.228404+00:00
[2023-01-08 11:22:42,641] {standard_task_runner.py:52} INFO - Started process 21940 to run task
[2023-01-08 11:22:42,646] {standard_task_runner.py:79} INFO - Running: ['airflow', 'tasks', 'run', 'Lead_scoring_inference_pipeline', 'checking_input_features', 'manual__2023-01-08T11:22:33.228404+00:00', '--job-id', '113', '--raw', '--subdir', 'DAGS_FOLDER/Lead_scoring_inference_pipeline/lead_scoring_inference_pipeline.py', '--cfg-path', '/tmp/tmpahx8wucy', '--error-file', '/tmp/tmp46_0h4d2']
[2023-01-08 11:22:42,647] {standard_task_runner.py:80} INFO - Job 113: Subtask checking_input_features
[2023-01-08 11:22:42,691] {task_command.py:371} INFO - Running <TaskInstance: Lead_scoring_inference_pipeline.checking_input_features manual__2023-01-08T11:22:33.228404+00:00 [running]> on host 1f037b111ba5
[2023-01-08 11:22:42,880] {taskinstance.py:1589} INFO - Exporting the following env vars:
AIRFLOW_CTX_DAG_OWNER=airflow
AIRFLOW_CTX_DAG_ID=Lead_scoring_inference_pipeline
AIRFLOW_CTX_TASK_ID=checking_input_features
AIRFLOW_CTX_EXECUTION_DATE=2023-01-08T11:22:33.228404+00:00
AIRFLOW_CTX_TRY_NUMBER=1
AIRFLOW_CTX_DAG_RUN_ID=manual__2023-01-08T11:22:33.228404+00:00
[2023-01-08 11:22:43,243] {logging_mixin.py:115} INFO - All the models input are present
[2023-01-08 11:22:43,244] {python.py:173} INFO - Done. Returned value was: None
[2023-01-08 11:22:43,250] {taskinstance.py:1415} INFO - Marking task as SUCCESS. dag_id=Lead_scoring_inference_pipeline, task_id=checking_input_features, execution_date=20230108T112233, start_date=20230108T112242, end_date=20230108T112243
[2023-01-08 11:22:43,297] {local_task_job.py:156} INFO - Task exited with return code 0
[2023-01-08 11:22:43,328] {local_task_job.py:273} INFO - 1 downstream tasks scheduled from follow-on schedule check
