[2023-01-08 08:31:52,063] {taskinstance.py:1179} INFO - Dependencies all met for <TaskInstance: Lead_Scoring_Data_Engineering_Pipeline.checking_model_inputs_schema manual__2023-01-08T08:31:30.697531+00:00 [queued]>
[2023-01-08 08:31:52,069] {taskinstance.py:1179} INFO - Dependencies all met for <TaskInstance: Lead_Scoring_Data_Engineering_Pipeline.checking_model_inputs_schema manual__2023-01-08T08:31:30.697531+00:00 [queued]>
[2023-01-08 08:31:52,069] {taskinstance.py:1376} INFO - 
--------------------------------------------------------------------------------
[2023-01-08 08:31:52,069] {taskinstance.py:1377} INFO - Starting attempt 1 of 2
[2023-01-08 08:31:52,069] {taskinstance.py:1378} INFO - 
--------------------------------------------------------------------------------
[2023-01-08 08:31:52,081] {taskinstance.py:1397} INFO - Executing <Task(PythonOperator): checking_model_inputs_schema> on 2023-01-08 08:31:30.697531+00:00
[2023-01-08 08:31:52,085] {standard_task_runner.py:52} INFO - Started process 1610 to run task
[2023-01-08 08:31:52,090] {standard_task_runner.py:79} INFO - Running: ['airflow', 'tasks', 'run', 'Lead_Scoring_Data_Engineering_Pipeline', 'checking_model_inputs_schema', 'manual__2023-01-08T08:31:30.697531+00:00', '--job-id', '38', '--raw', '--subdir', 'DAGS_FOLDER/Lead_scoring_data_pipeline/lead_scoring_data_pipeline.py', '--cfg-path', '/tmp/tmpyzypb6s1', '--error-file', '/tmp/tmp85yhw4tx']
[2023-01-08 08:31:52,092] {standard_task_runner.py:80} INFO - Job 38: Subtask checking_model_inputs_schema
[2023-01-08 08:31:52,141] {task_command.py:371} INFO - Running <TaskInstance: Lead_Scoring_Data_Engineering_Pipeline.checking_model_inputs_schema manual__2023-01-08T08:31:30.697531+00:00 [running]> on host 1f037b111ba5
[2023-01-08 08:31:52,186] {taskinstance.py:1589} INFO - Exporting the following env vars:
AIRFLOW_CTX_DAG_OWNER=airflow
AIRFLOW_CTX_DAG_ID=Lead_Scoring_Data_Engineering_Pipeline
AIRFLOW_CTX_TASK_ID=checking_model_inputs_schema
AIRFLOW_CTX_EXECUTION_DATE=2023-01-08T08:31:30.697531+00:00
AIRFLOW_CTX_TRY_NUMBER=1
AIRFLOW_CTX_DAG_RUN_ID=manual__2023-01-08T08:31:30.697531+00:00
[2023-01-08 08:31:52,247] {logging_mixin.py:115} INFO - Models input schema is in line with the schema present in schema.py
[2023-01-08 08:31:52,249] {python.py:173} INFO - Done. Returned value was: None
[2023-01-08 08:31:52,254] {taskinstance.py:1415} INFO - Marking task as SUCCESS. dag_id=Lead_Scoring_Data_Engineering_Pipeline, task_id=checking_model_inputs_schema, execution_date=20230108T083130, start_date=20230108T083152, end_date=20230108T083152
[2023-01-08 08:31:52,299] {local_task_job.py:156} INFO - Task exited with return code 0
[2023-01-08 08:31:52,321] {local_task_job.py:273} INFO - 0 downstream tasks scheduled from follow-on schedule check
