[2023-01-08 11:12:09,442] {taskinstance.py:1179} INFO - Dependencies all met for <TaskInstance: Lead_scoring_inference_pipeline.encoding_categorical_variables manual__2023-01-08T11:12:06.154125+00:00 [queued]>
[2023-01-08 11:12:09,447] {taskinstance.py:1179} INFO - Dependencies all met for <TaskInstance: Lead_scoring_inference_pipeline.encoding_categorical_variables manual__2023-01-08T11:12:06.154125+00:00 [queued]>
[2023-01-08 11:12:09,447] {taskinstance.py:1376} INFO - 
--------------------------------------------------------------------------------
[2023-01-08 11:12:09,447] {taskinstance.py:1377} INFO - Starting attempt 1 of 2
[2023-01-08 11:12:09,447] {taskinstance.py:1378} INFO - 
--------------------------------------------------------------------------------
[2023-01-08 11:12:09,457] {taskinstance.py:1397} INFO - Executing <Task(PythonOperator): encoding_categorical_variables> on 2023-01-08 11:12:06.154125+00:00
[2023-01-08 11:12:09,461] {standard_task_runner.py:52} INFO - Started process 20453 to run task
[2023-01-08 11:12:09,468] {standard_task_runner.py:79} INFO - Running: ['airflow', 'tasks', 'run', 'Lead_scoring_inference_pipeline', 'encoding_categorical_variables', 'manual__2023-01-08T11:12:06.154125+00:00', '--job-id', '108', '--raw', '--subdir', 'DAGS_FOLDER/Lead_scoring_inference_pipeline/.ipynb_checkpoints/lead_scoring_inference_pipeline-checkpoint.py', '--cfg-path', '/tmp/tmp1e55vll5', '--error-file', '/tmp/tmp7hy9jxrg']
[2023-01-08 11:12:09,469] {standard_task_runner.py:80} INFO - Job 108: Subtask encoding_categorical_variables
[2023-01-08 11:12:09,511] {task_command.py:371} INFO - Running <TaskInstance: Lead_scoring_inference_pipeline.encoding_categorical_variables manual__2023-01-08T11:12:06.154125+00:00 [running]> on host 1f037b111ba5
[2023-01-08 11:12:09,654] {taskinstance.py:1589} INFO - Exporting the following env vars:
AIRFLOW_CTX_DAG_OWNER=airflow
AIRFLOW_CTX_DAG_ID=Lead_scoring_inference_pipeline
AIRFLOW_CTX_TASK_ID=encoding_categorical_variables
AIRFLOW_CTX_EXECUTION_DATE=2023-01-08T11:12:06.154125+00:00
AIRFLOW_CTX_TRY_NUMBER=1
AIRFLOW_CTX_DAG_RUN_ID=manual__2023-01-08T11:12:06.154125+00:00
[2023-01-08 11:12:10,032] {python.py:173} INFO - Done. Returned value was: None
[2023-01-08 11:12:10,038] {taskinstance.py:1415} INFO - Marking task as SUCCESS. dag_id=Lead_scoring_inference_pipeline, task_id=encoding_categorical_variables, execution_date=20230108T111206, start_date=20230108T111209, end_date=20230108T111210
[2023-01-08 11:12:10,078] {local_task_job.py:156} INFO - Task exited with return code 0
[2023-01-08 11:12:10,109] {local_task_job.py:273} INFO - 1 downstream tasks scheduled from follow-on schedule check
