[2023-01-08 11:38:10,880] {taskinstance.py:1179} INFO - Dependencies all met for <TaskInstance: Lead_scoring_training_pipeline.encoding_categorical_variables manual__2023-01-08T11:38:06.463183+00:00 [queued]>
[2023-01-08 11:38:10,885] {taskinstance.py:1179} INFO - Dependencies all met for <TaskInstance: Lead_scoring_training_pipeline.encoding_categorical_variables manual__2023-01-08T11:38:06.463183+00:00 [queued]>
[2023-01-08 11:38:10,885] {taskinstance.py:1376} INFO - 
--------------------------------------------------------------------------------
[2023-01-08 11:38:10,885] {taskinstance.py:1377} INFO - Starting attempt 1 of 2
[2023-01-08 11:38:10,885] {taskinstance.py:1378} INFO - 
--------------------------------------------------------------------------------
[2023-01-08 11:38:10,896] {taskinstance.py:1397} INFO - Executing <Task(PythonOperator): encoding_categorical_variables> on 2023-01-08 11:38:06.463183+00:00
[2023-01-08 11:38:10,902] {standard_task_runner.py:52} INFO - Started process 24462 to run task
[2023-01-08 11:38:10,904] {standard_task_runner.py:79} INFO - Running: ['airflow', 'tasks', 'run', 'Lead_scoring_training_pipeline', 'encoding_categorical_variables', 'manual__2023-01-08T11:38:06.463183+00:00', '--job-id', '140', '--raw', '--subdir', 'DAGS_FOLDER/Lead_scoring_training_pipeline/.ipynb_checkpoints/lead_scoring_training_pipeline-checkpoint.py', '--cfg-path', '/tmp/tmpevl3360c', '--error-file', '/tmp/tmp54wacdmj']
[2023-01-08 11:38:10,905] {standard_task_runner.py:80} INFO - Job 140: Subtask encoding_categorical_variables
[2023-01-08 11:38:10,942] {task_command.py:371} INFO - Running <TaskInstance: Lead_scoring_training_pipeline.encoding_categorical_variables manual__2023-01-08T11:38:06.463183+00:00 [running]> on host 1f037b111ba5
[2023-01-08 11:38:10,982] {taskinstance.py:1589} INFO - Exporting the following env vars:
AIRFLOW_CTX_DAG_OWNER=airflow
AIRFLOW_CTX_DAG_ID=Lead_scoring_training_pipeline
AIRFLOW_CTX_TASK_ID=encoding_categorical_variables
AIRFLOW_CTX_EXECUTION_DATE=2023-01-08T11:38:06.463183+00:00
AIRFLOW_CTX_TRY_NUMBER=1
AIRFLOW_CTX_DAG_RUN_ID=manual__2023-01-08T11:38:06.463183+00:00
[2023-01-08 11:38:11,595] {python.py:173} INFO - Done. Returned value was: None
[2023-01-08 11:38:11,602] {taskinstance.py:1415} INFO - Marking task as SUCCESS. dag_id=Lead_scoring_training_pipeline, task_id=encoding_categorical_variables, execution_date=20230108T113806, start_date=20230108T113810, end_date=20230108T113811
[2023-01-08 11:38:11,638] {local_task_job.py:156} INFO - Task exited with return code 0
[2023-01-08 11:38:11,666] {local_task_job.py:273} INFO - 1 downstream tasks scheduled from follow-on schedule check
