[2023-01-08 11:36:48,788] {taskinstance.py:1179} INFO - Dependencies all met for <TaskInstance: Lead_Scoring_Data_Engineering_Pipeline.mapping_interactions manual__2023-01-08T11:36:31.482565+00:00 [queued]>
[2023-01-08 11:36:48,794] {taskinstance.py:1179} INFO - Dependencies all met for <TaskInstance: Lead_Scoring_Data_Engineering_Pipeline.mapping_interactions manual__2023-01-08T11:36:31.482565+00:00 [queued]>
[2023-01-08 11:36:48,794] {taskinstance.py:1376} INFO - 
--------------------------------------------------------------------------------
[2023-01-08 11:36:48,794] {taskinstance.py:1377} INFO - Starting attempt 1 of 2
[2023-01-08 11:36:48,794] {taskinstance.py:1378} INFO - 
--------------------------------------------------------------------------------
[2023-01-08 11:36:48,805] {taskinstance.py:1397} INFO - Executing <Task(PythonOperator): mapping_interactions> on 2023-01-08 11:36:31.482565+00:00
[2023-01-08 11:36:48,809] {standard_task_runner.py:52} INFO - Started process 24178 to run task
[2023-01-08 11:36:48,815] {standard_task_runner.py:79} INFO - Running: ['airflow', 'tasks', 'run', 'Lead_Scoring_Data_Engineering_Pipeline', 'mapping_interactions', 'manual__2023-01-08T11:36:31.482565+00:00', '--job-id', '138', '--raw', '--subdir', 'DAGS_FOLDER/Lead_scoring_data_pipeline/.ipynb_checkpoints/lead_scoring_data_pipeline-checkpoint.py', '--cfg-path', '/tmp/tmp1r2kgoc4', '--error-file', '/tmp/tmphzi4zogn']
[2023-01-08 11:36:48,816] {standard_task_runner.py:80} INFO - Job 138: Subtask mapping_interactions
[2023-01-08 11:36:48,860] {task_command.py:371} INFO - Running <TaskInstance: Lead_Scoring_Data_Engineering_Pipeline.mapping_interactions manual__2023-01-08T11:36:31.482565+00:00 [running]> on host 1f037b111ba5
[2023-01-08 11:36:48,915] {taskinstance.py:1589} INFO - Exporting the following env vars:
AIRFLOW_CTX_DAG_OWNER=airflow
AIRFLOW_CTX_DAG_ID=Lead_Scoring_Data_Engineering_Pipeline
AIRFLOW_CTX_TASK_ID=mapping_interactions
AIRFLOW_CTX_EXECUTION_DATE=2023-01-08T11:36:31.482565+00:00
AIRFLOW_CTX_TRY_NUMBER=1
AIRFLOW_CTX_DAG_RUN_ID=manual__2023-01-08T11:36:31.482565+00:00
[2023-01-08 11:36:51,752] {python.py:173} INFO - Done. Returned value was: None
[2023-01-08 11:36:51,758] {taskinstance.py:1415} INFO - Marking task as SUCCESS. dag_id=Lead_Scoring_Data_Engineering_Pipeline, task_id=mapping_interactions, execution_date=20230108T113631, start_date=20230108T113648, end_date=20230108T113651
[2023-01-08 11:36:51,794] {local_task_job.py:156} INFO - Task exited with return code 0
[2023-01-08 11:36:51,829] {local_task_job.py:273} INFO - 1 downstream tasks scheduled from follow-on schedule check
