[2023-01-08 11:36:55,905] {taskinstance.py:1179} INFO - Dependencies all met for <TaskInstance: Lead_Scoring_Data_Engineering_Pipeline.checking_model_inputs_schema manual__2023-01-08T11:36:31.482565+00:00 [queued]>
[2023-01-08 11:36:55,911] {taskinstance.py:1179} INFO - Dependencies all met for <TaskInstance: Lead_Scoring_Data_Engineering_Pipeline.checking_model_inputs_schema manual__2023-01-08T11:36:31.482565+00:00 [queued]>
[2023-01-08 11:36:55,911] {taskinstance.py:1376} INFO - 
--------------------------------------------------------------------------------
[2023-01-08 11:36:55,911] {taskinstance.py:1377} INFO - Starting attempt 1 of 2
[2023-01-08 11:36:55,911] {taskinstance.py:1378} INFO - 
--------------------------------------------------------------------------------
[2023-01-08 11:36:55,922] {taskinstance.py:1397} INFO - Executing <Task(PythonOperator): checking_model_inputs_schema> on 2023-01-08 11:36:31.482565+00:00
[2023-01-08 11:36:55,925] {standard_task_runner.py:52} INFO - Started process 24204 to run task
[2023-01-08 11:36:55,930] {standard_task_runner.py:79} INFO - Running: ['airflow', 'tasks', 'run', 'Lead_Scoring_Data_Engineering_Pipeline', 'checking_model_inputs_schema', 'manual__2023-01-08T11:36:31.482565+00:00', '--job-id', '139', '--raw', '--subdir', 'DAGS_FOLDER/Lead_scoring_data_pipeline/.ipynb_checkpoints/lead_scoring_data_pipeline-checkpoint.py', '--cfg-path', '/tmp/tmpfo0auv33', '--error-file', '/tmp/tmpznx0eh_z']
[2023-01-08 11:36:55,931] {standard_task_runner.py:80} INFO - Job 139: Subtask checking_model_inputs_schema
[2023-01-08 11:36:55,978] {task_command.py:371} INFO - Running <TaskInstance: Lead_Scoring_Data_Engineering_Pipeline.checking_model_inputs_schema manual__2023-01-08T11:36:31.482565+00:00 [running]> on host 1f037b111ba5
[2023-01-08 11:36:56,033] {taskinstance.py:1589} INFO - Exporting the following env vars:
AIRFLOW_CTX_DAG_OWNER=airflow
AIRFLOW_CTX_DAG_ID=Lead_Scoring_Data_Engineering_Pipeline
AIRFLOW_CTX_TASK_ID=checking_model_inputs_schema
AIRFLOW_CTX_EXECUTION_DATE=2023-01-08T11:36:31.482565+00:00
AIRFLOW_CTX_TRY_NUMBER=1
AIRFLOW_CTX_DAG_RUN_ID=manual__2023-01-08T11:36:31.482565+00:00
[2023-01-08 11:36:56,093] {logging_mixin.py:115} INFO - Models input schema is NOT in line with the schema present in schema.py
[2023-01-08 11:36:56,095] {python.py:173} INFO - Done. Returned value was: None
[2023-01-08 11:36:56,101] {taskinstance.py:1415} INFO - Marking task as SUCCESS. dag_id=Lead_Scoring_Data_Engineering_Pipeline, task_id=checking_model_inputs_schema, execution_date=20230108T113631, start_date=20230108T113655, end_date=20230108T113656
[2023-01-08 11:36:56,139] {local_task_job.py:156} INFO - Task exited with return code 0
[2023-01-08 11:36:56,162] {local_task_job.py:273} INFO - 0 downstream tasks scheduled from follow-on schedule check
