[2023-01-08 11:00:03,837] {taskinstance.py:1179} INFO - Dependencies all met for <TaskInstance: Lead_scoring_inference_pipeline.encoding_categorical_variables scheduled__2023-01-08T10:00:00+00:00 [queued]>
[2023-01-08 11:00:03,842] {taskinstance.py:1179} INFO - Dependencies all met for <TaskInstance: Lead_scoring_inference_pipeline.encoding_categorical_variables scheduled__2023-01-08T10:00:00+00:00 [queued]>
[2023-01-08 11:00:03,842] {taskinstance.py:1376} INFO - 
--------------------------------------------------------------------------------
[2023-01-08 11:00:03,842] {taskinstance.py:1377} INFO - Starting attempt 1 of 2
[2023-01-08 11:00:03,842] {taskinstance.py:1378} INFO - 
--------------------------------------------------------------------------------
[2023-01-08 11:00:03,852] {taskinstance.py:1397} INFO - Executing <Task(PythonOperator): encoding_categorical_variables> on 2023-01-08 10:00:00+00:00
[2023-01-08 11:00:03,858] {standard_task_runner.py:52} INFO - Started process 18601 to run task
[2023-01-08 11:00:03,864] {standard_task_runner.py:79} INFO - Running: ['airflow', 'tasks', 'run', 'Lead_scoring_inference_pipeline', 'encoding_categorical_variables', 'scheduled__2023-01-08T10:00:00+00:00', '--job-id', '93', '--raw', '--subdir', 'DAGS_FOLDER/Lead_scoring_inference_pipeline/.ipynb_checkpoints/lead_scoring_inference_pipeline-checkpoint.py', '--cfg-path', '/tmp/tmpqa2zh58a', '--error-file', '/tmp/tmpayj19wvm']
[2023-01-08 11:00:03,865] {standard_task_runner.py:80} INFO - Job 93: Subtask encoding_categorical_variables
[2023-01-08 11:00:03,909] {task_command.py:371} INFO - Running <TaskInstance: Lead_scoring_inference_pipeline.encoding_categorical_variables scheduled__2023-01-08T10:00:00+00:00 [running]> on host 1f037b111ba5
[2023-01-08 11:00:04,070] {taskinstance.py:1589} INFO - Exporting the following env vars:
AIRFLOW_CTX_DAG_OWNER=airflow
AIRFLOW_CTX_DAG_ID=Lead_scoring_inference_pipeline
AIRFLOW_CTX_TASK_ID=encoding_categorical_variables
AIRFLOW_CTX_EXECUTION_DATE=2023-01-08T10:00:00+00:00
AIRFLOW_CTX_TRY_NUMBER=1
AIRFLOW_CTX_DAG_RUN_ID=scheduled__2023-01-08T10:00:00+00:00
[2023-01-08 11:00:04,470] {python.py:173} INFO - Done. Returned value was: None
[2023-01-08 11:00:04,477] {taskinstance.py:1415} INFO - Marking task as SUCCESS. dag_id=Lead_scoring_inference_pipeline, task_id=encoding_categorical_variables, execution_date=20230108T100000, start_date=20230108T110003, end_date=20230108T110004
[2023-01-08 11:00:04,514] {local_task_job.py:156} INFO - Task exited with return code 0
[2023-01-08 11:00:04,545] {local_task_job.py:273} INFO - 1 downstream tasks scheduled from follow-on schedule check
