[2023-01-08 11:00:07,394] {taskinstance.py:1179} INFO - Dependencies all met for <TaskInstance: Lead_scoring_inference_pipeline.checking_input_features scheduled__2023-01-08T10:00:00+00:00 [queued]>
[2023-01-08 11:00:07,399] {taskinstance.py:1179} INFO - Dependencies all met for <TaskInstance: Lead_scoring_inference_pipeline.checking_input_features scheduled__2023-01-08T10:00:00+00:00 [queued]>
[2023-01-08 11:00:07,399] {taskinstance.py:1376} INFO - 
--------------------------------------------------------------------------------
[2023-01-08 11:00:07,399] {taskinstance.py:1377} INFO - Starting attempt 1 of 2
[2023-01-08 11:00:07,399] {taskinstance.py:1378} INFO - 
--------------------------------------------------------------------------------
[2023-01-08 11:00:07,410] {taskinstance.py:1397} INFO - Executing <Task(PythonOperator): checking_input_features> on 2023-01-08 10:00:00+00:00
[2023-01-08 11:00:07,415] {standard_task_runner.py:52} INFO - Started process 18619 to run task
[2023-01-08 11:00:07,423] {standard_task_runner.py:79} INFO - Running: ['airflow', 'tasks', 'run', 'Lead_scoring_inference_pipeline', 'checking_input_features', 'scheduled__2023-01-08T10:00:00+00:00', '--job-id', '94', '--raw', '--subdir', 'DAGS_FOLDER/Lead_scoring_inference_pipeline/.ipynb_checkpoints/lead_scoring_inference_pipeline-checkpoint.py', '--cfg-path', '/tmp/tmprbupbyw4', '--error-file', '/tmp/tmp03qefo0l']
[2023-01-08 11:00:07,425] {standard_task_runner.py:80} INFO - Job 94: Subtask checking_input_features
[2023-01-08 11:00:07,473] {task_command.py:371} INFO - Running <TaskInstance: Lead_scoring_inference_pipeline.checking_input_features scheduled__2023-01-08T10:00:00+00:00 [running]> on host 1f037b111ba5
[2023-01-08 11:00:07,626] {taskinstance.py:1589} INFO - Exporting the following env vars:
AIRFLOW_CTX_DAG_OWNER=airflow
AIRFLOW_CTX_DAG_ID=Lead_scoring_inference_pipeline
AIRFLOW_CTX_TASK_ID=checking_input_features
AIRFLOW_CTX_EXECUTION_DATE=2023-01-08T10:00:00+00:00
AIRFLOW_CTX_TRY_NUMBER=1
AIRFLOW_CTX_DAG_RUN_ID=scheduled__2023-01-08T10:00:00+00:00
[2023-01-08 11:00:07,993] {logging_mixin.py:115} INFO - All the models input are present
[2023-01-08 11:00:07,994] {python.py:173} INFO - Done. Returned value was: None
[2023-01-08 11:00:08,000] {taskinstance.py:1415} INFO - Marking task as SUCCESS. dag_id=Lead_scoring_inference_pipeline, task_id=checking_input_features, execution_date=20230108T100000, start_date=20230108T110007, end_date=20230108T110008
[2023-01-08 11:00:08,032] {local_task_job.py:156} INFO - Task exited with return code 0
[2023-01-08 11:00:08,064] {local_task_job.py:273} INFO - 1 downstream tasks scheduled from follow-on schedule check
