[2023-01-08 11:22:38,142] {taskinstance.py:1179} INFO - Dependencies all met for <TaskInstance: Lead_scoring_inference_pipeline.encoding_categorical_variables manual__2023-01-08T11:22:33.228404+00:00 [queued]>
[2023-01-08 11:22:38,147] {taskinstance.py:1179} INFO - Dependencies all met for <TaskInstance: Lead_scoring_inference_pipeline.encoding_categorical_variables manual__2023-01-08T11:22:33.228404+00:00 [queued]>
[2023-01-08 11:22:38,147] {taskinstance.py:1376} INFO - 
--------------------------------------------------------------------------------
[2023-01-08 11:22:38,147] {taskinstance.py:1377} INFO - Starting attempt 1 of 2
[2023-01-08 11:22:38,147] {taskinstance.py:1378} INFO - 
--------------------------------------------------------------------------------
[2023-01-08 11:22:38,157] {taskinstance.py:1397} INFO - Executing <Task(PythonOperator): encoding_categorical_variables> on 2023-01-08 11:22:33.228404+00:00
[2023-01-08 11:22:38,163] {standard_task_runner.py:52} INFO - Started process 21914 to run task
[2023-01-08 11:22:38,169] {standard_task_runner.py:79} INFO - Running: ['airflow', 'tasks', 'run', 'Lead_scoring_inference_pipeline', 'encoding_categorical_variables', 'manual__2023-01-08T11:22:33.228404+00:00', '--job-id', '112', '--raw', '--subdir', 'DAGS_FOLDER/Lead_scoring_inference_pipeline/.ipynb_checkpoints/lead_scoring_inference_pipeline-checkpoint.py', '--cfg-path', '/tmp/tmp9reissg8', '--error-file', '/tmp/tmp9b1xhk6e']
[2023-01-08 11:22:38,170] {standard_task_runner.py:80} INFO - Job 112: Subtask encoding_categorical_variables
[2023-01-08 11:22:38,210] {task_command.py:371} INFO - Running <TaskInstance: Lead_scoring_inference_pipeline.encoding_categorical_variables manual__2023-01-08T11:22:33.228404+00:00 [running]> on host 1f037b111ba5
[2023-01-08 11:22:38,361] {taskinstance.py:1589} INFO - Exporting the following env vars:
AIRFLOW_CTX_DAG_OWNER=airflow
AIRFLOW_CTX_DAG_ID=Lead_scoring_inference_pipeline
AIRFLOW_CTX_TASK_ID=encoding_categorical_variables
AIRFLOW_CTX_EXECUTION_DATE=2023-01-08T11:22:33.228404+00:00
AIRFLOW_CTX_TRY_NUMBER=1
AIRFLOW_CTX_DAG_RUN_ID=manual__2023-01-08T11:22:33.228404+00:00
[2023-01-08 11:22:38,758] {python.py:173} INFO - Done. Returned value was: None
[2023-01-08 11:22:38,765] {taskinstance.py:1415} INFO - Marking task as SUCCESS. dag_id=Lead_scoring_inference_pipeline, task_id=encoding_categorical_variables, execution_date=20230108T112233, start_date=20230108T112238, end_date=20230108T112238
[2023-01-08 11:22:38,818] {local_task_job.py:156} INFO - Task exited with return code 0
[2023-01-08 11:22:38,851] {local_task_job.py:273} INFO - 1 downstream tasks scheduled from follow-on schedule check
