[2023-01-08 08:31:32,557] {taskinstance.py:1179} INFO - Dependencies all met for <TaskInstance: Lead_Scoring_Data_Engineering_Pipeline.building_db manual__2023-01-08T08:31:30.697531+00:00 [queued]>
[2023-01-08 08:31:32,562] {taskinstance.py:1179} INFO - Dependencies all met for <TaskInstance: Lead_Scoring_Data_Engineering_Pipeline.building_db manual__2023-01-08T08:31:30.697531+00:00 [queued]>
[2023-01-08 08:31:32,562] {taskinstance.py:1376} INFO - 
--------------------------------------------------------------------------------
[2023-01-08 08:31:32,562] {taskinstance.py:1377} INFO - Starting attempt 1 of 2
[2023-01-08 08:31:32,562] {taskinstance.py:1378} INFO - 
--------------------------------------------------------------------------------
[2023-01-08 08:31:32,573] {taskinstance.py:1397} INFO - Executing <Task(PythonOperator): building_db> on 2023-01-08 08:31:30.697531+00:00
[2023-01-08 08:31:32,577] {standard_task_runner.py:52} INFO - Started process 1485 to run task
[2023-01-08 08:31:32,581] {standard_task_runner.py:79} INFO - Running: ['airflow', 'tasks', 'run', 'Lead_Scoring_Data_Engineering_Pipeline', 'building_db', 'manual__2023-01-08T08:31:30.697531+00:00', '--job-id', '32', '--raw', '--subdir', 'DAGS_FOLDER/Lead_scoring_data_pipeline/lead_scoring_data_pipeline.py', '--cfg-path', '/tmp/tmpv87fjc5s', '--error-file', '/tmp/tmpxltrw7_z']
[2023-01-08 08:31:32,582] {standard_task_runner.py:80} INFO - Job 32: Subtask building_db
[2023-01-08 08:31:32,628] {task_command.py:371} INFO - Running <TaskInstance: Lead_Scoring_Data_Engineering_Pipeline.building_db manual__2023-01-08T08:31:30.697531+00:00 [running]> on host 1f037b111ba5
[2023-01-08 08:31:32,679] {taskinstance.py:1589} INFO - Exporting the following env vars:
AIRFLOW_CTX_DAG_OWNER=airflow
AIRFLOW_CTX_DAG_ID=Lead_Scoring_Data_Engineering_Pipeline
AIRFLOW_CTX_TASK_ID=building_db
AIRFLOW_CTX_EXECUTION_DATE=2023-01-08T08:31:30.697531+00:00
AIRFLOW_CTX_TRY_NUMBER=1
AIRFLOW_CTX_DAG_RUN_ID=manual__2023-01-08T08:31:30.697531+00:00
[2023-01-08 08:31:32,680] {logging_mixin.py:115} INFO - DBPath/home/airflow/dags/Lead_scoring_data_pipeline/utils_output.db
[2023-01-08 08:31:32,680] {logging_mixin.py:115} INFO - DB Already Exsist
[2023-01-08 08:31:32,680] {python.py:173} INFO - Done. Returned value was: DB Exsists
[2023-01-08 08:31:32,696] {taskinstance.py:1415} INFO - Marking task as SUCCESS. dag_id=Lead_Scoring_Data_Engineering_Pipeline, task_id=building_db, execution_date=20230108T083130, start_date=20230108T083132, end_date=20230108T083132
[2023-01-08 08:31:32,711] {local_task_job.py:156} INFO - Task exited with return code 0
[2023-01-08 08:31:32,741] {local_task_job.py:273} INFO - 1 downstream tasks scheduled from follow-on schedule check
